# JRE version: Java(TM) SE Runtime Environment (8.0_101-b13) (build 1.8.0_101-b13)
# Java VM: Java HotSpot(TM) 64-Bit Server VM (25.101-b13 mixed mode windows-amd64 compressed oops)
Heap:
 PSYoungGen      total 336384K, used 275231K [0x00000000eac00000, 0x00000000fff00000, 0x0000000100000000)
  eden space 326144K, 84% used [0x00000000eac00000,0x00000000fb867da8,0x00000000fea80000)
  from space 10240K, 3% used [0x00000000fea80000,0x00000000feae0000,0x00000000ff480000)
  to   space 9728K, 0% used [0x00000000ff580000,0x00000000ff580000,0x00000000fff00000)
 ParOldGen       total 44032K, used 28194K [0x00000000c0400000, 0x00000000c2f00000, 0x00000000eac00000)
  object space 44032K, 64% used [0x00000000c0400000,0x00000000c1f889d0,0x00000000c2f00000)
 Metaspace       used 14895K, capacity 15131K, committed 15488K, reserved 1062912K
  class space    used 1546K, capacity 1622K, committed 1664K, reserved 1048576K
GC Heap History (10 events):
Event: 10.852 GC heap before
{Heap before GC invocations=17 (full 0):
 PSYoungGen      total 334336K, used 322112K [0x00000000eac00000, 0x00000000ffe80000, 0x0000000100000000)
  eden space 322048K, 100% used [0x00000000eac00000,0x00000000fe680000,0x00000000fe680000)
  from space 12288K, 0% used [0x00000000ff280000,0x00000000ff290000,0x00000000ffe80000)
  to   space 12288K, 0% used [0x00000000fe680000,0x00000000fe680000,0x00000000ff280000)
 ParOldGen       total 44032K, used 28034K [0x00000000c0400000, 0x00000000c2f00000, 0x00000000eac00000)
  object space 44032K, 63% used [0x00000000c0400000,0x00000000c1f609d0,0x00000000c2f00000)
 Metaspace       used 14823K, capacity 15067K, committed 15232K, reserved 1062912K
  class space    used 1545K, capacity 1622K, committed 1664K, reserved 1048576K
Event: 10.853 GC heap after
Heap after GC invocations=17 (full 0):
 PSYoungGen      total 334336K, used 64K [0x00000000eac00000, 0x00000000fff00000, 0x0000000100000000)
  eden space 322048K, 0% used [0x00000000eac00000,0x00000000eac00000,0x00000000fe680000)
  from space 12288K, 0% used [0x00000000fe680000,0x00000000fe690000,0x00000000ff280000)
  to   space 11776K, 0% used [0x00000000ff380000,0x00000000ff380000,0x00000000fff00000)
 ParOldGen       total 44032K, used 28050K [0x00000000c0400000, 0x00000000c2f00000, 0x00000000eac00000)
  object space 44032K, 63% used [0x00000000c0400000,0x00000000c1f649d0,0x00000000c2f00000)
 Metaspace       used 14823K, capacity 15067K, committed 15232K, reserved 1062912K
  class space    used 1545K, capacity 1622K, committed 1664K, reserved 1048576K
}
Event: 11.218 GC heap before
{Heap before GC invocations=18 (full 0):
 PSYoungGen      total 334336K, used 322112K [0x00000000eac00000, 0x00000000fff00000, 0x0000000100000000)
  eden space 322048K, 100% used [0x00000000eac00000,0x00000000fe680000,0x00000000fe680000)
  from space 12288K, 0% used [0x00000000fe680000,0x00000000fe690000,0x00000000ff280000)
  to   space 11776K, 0% used [0x00000000ff380000,0x00000000ff380000,0x00000000fff00000)
 ParOldGen       total 44032K, used 28050K [0x00000000c0400000, 0x00000000c2f00000, 0x00000000eac00000)
  object space 44032K, 63% used [0x00000000c0400000,0x00000000c1f649d0,0x00000000c2f00000)
 Metaspace       used 14842K, capacity 15067K, committed 15232K, reserved 1062912K
  class space    used 1545K, capacity 1622K, committed 1664K, reserved 1048576K
Event: 11.219 GC heap after
Heap after GC invocations=18 (full 0):
 PSYoungGen      total 335360K, used 96K [0x00000000eac00000, 0x00000000ffe80000, 0x0000000100000000)
  eden space 324096K, 0% used [0x00000000eac00000,0x00000000eac00000,0x00000000fe880000)
  from space 11264K, 0% used [0x00000000ff380000,0x00000000ff398000,0x00000000ffe80000)
  to   space 11264K, 0% used [0x00000000fe880000,0x00000000fe880000,0x00000000ff380000)
 ParOldGen       total 44032K, used 28074K [0x00000000c0400000, 0x00000000c2f00000, 0x00000000eac00000)
  object space 44032K, 63% used [0x00000000c0400000,0x00000000c1f6a9d0,0x00000000c2f00000)
 Metaspace       used 14842K, capacity 15067K, committed 15232K, reserved 1062912K
  class space    used 1545K, capacity 1622K, committed 1664K, reserved 1048576K
}
Event: 11.585 GC heap before
{Heap before GC invocations=19 (full 0):
 PSYoungGen      total 335360K, used 324192K [0x00000000eac00000, 0x00000000ffe80000, 0x0000000100000000)
  eden space 324096K, 100% used [0x00000000eac00000,0x00000000fe880000,0x00000000fe880000)
  from space 11264K, 0% used [0x00000000ff380000,0x00000000ff398000,0x00000000ffe80000)
  to   space 11264K, 0% used [0x00000000fe880000,0x00000000fe880000,0x00000000ff380000)
 ParOldGen       total 44032K, used 28074K [0x00000000c0400000, 0x00000000c2f00000, 0x00000000eac00000)
  object space 44032K, 63% used [0x00000000c0400000,0x00000000c1f6a9d0,0x00000000c2f00000)
 Metaspace       used 14849K, capacity 15067K, committed 15232K, reserved 1062912K
  class space    used 1545K, capacity 1622K, committed 1664K, reserved 1048576K
Event: 11.586 GC heap after
Heap after GC invocations=19 (full 0):
 PSYoungGen      total 335360K, used 128K [0x00000000eac00000, 0x00000000fff00000, 0x0000000100000000)
  eden space 324096K, 0% used [0x00000000eac00000,0x00000000eac00000,0x00000000fe880000)
  from space 11264K, 1% used [0x00000000fe880000,0x00000000fe8a0000,0x00000000ff380000)
  to   space 10752K, 0% used [0x00000000ff480000,0x00000000ff480000,0x00000000fff00000)
 ParOldGen       total 44032K, used 28098K [0x00000000c0400000, 0x00000000c2f00000, 0x00000000eac00000)
  object space 44032K, 63% used [0x00000000c0400000,0x00000000c1f709d0,0x00000000c2f00000)
 Metaspace       used 14849K, capacity 15067K, committed 15232K, reserved 1062912K
  class space    used 1545K, capacity 1622K, committed 1664K, reserved 1048576K
}
Event: 12.108 GC heap before
{Heap before GC invocations=20 (full 0):
 PSYoungGen      total 335360K, used 324224K [0x00000000eac00000, 0x00000000fff00000, 0x0000000100000000)
  eden space 324096K, 100% used [0x00000000eac00000,0x00000000fe880000,0x00000000fe880000)
  from space 11264K, 1% used [0x00000000fe880000,0x00000000fe8a0000,0x00000000ff380000)
  to   space 10752K, 0% used [0x00000000ff480000,0x00000000ff480000,0x00000000fff00000)
 ParOldGen       total 44032K, used 28098K [0x00000000c0400000, 0x00000000c2f00000, 0x00000000eac00000)
  object space 44032K, 63% used [0x00000000c0400000,0x00000000c1f709d0,0x00000000c2f00000)
 Metaspace       used 14871K, capacity 15131K, committed 15488K, reserved 1062912K
  class space    used 1546K, capacity 1622K, committed 1664K, reserved 1048576K
Event: 12.110 GC heap after
Heap after GC invocations=20 (full 0):
 PSYoungGen      total 336384K, used 320K [0x00000000eac00000, 0x00000000ffe80000, 0x0000000100000000)
  eden space 326144K, 0% used [0x00000000eac00000,0x00000000eac00000,0x00000000fea80000)
  from space 10240K, 3% used [0x00000000ff480000,0x00000000ff4d0000,0x00000000ffe80000)
  to   space 10240K, 0% used [0x00000000fea80000,0x00000000fea80000,0x00000000ff480000)
 ParOldGen       total 44032K, used 28130K [0x00000000c0400000, 0x00000000c2f00000, 0x00000000eac00000)
  object space 44032K, 63% used [0x00000000c0400000,0x00000000c1f789d0,0x00000000c2f00000)
 Metaspace       used 14871K, capacity 15131K, committed 15488K, reserved 1062912K
  class space    used 1546K, capacity 1622K, committed 1664K, reserved 1048576K
}
Event: 12.696 GC heap before
{Heap before GC invocations=21 (full 0):
 PSYoungGen      total 336384K, used 326464K [0x00000000eac00000, 0x00000000ffe80000, 0x0000000100000000)
  eden space 326144K, 100% used [0x00000000eac00000,0x00000000fea80000,0x00000000fea80000)
  from space 10240K, 3% used [0x00000000ff480000,0x00000000ff4d0000,0x00000000ffe80000)
  to   space 10240K, 0% used [0x00000000fea80000,0x00000000fea80000,0x00000000ff480000)
 ParOldGen       total 44032K, used 28130K [0x00000000c0400000, 0x00000000c2f00000, 0x00000000eac00000)
  object space 44032K, 63% used [0x00000000c0400000,0x00000000c1f789d0,0x00000000c2f00000)
 Metaspace       used 14883K, capacity 15131K, committed 15488K, reserved 1062912K
  class space    used 1546K, capacity 1622K, committed 1664K, reserved 1048576K
Event: 12.697 GC heap after
Heap after GC invocations=21 (full 0):
 PSYoungGen      total 336384K, used 384K [0x00000000eac00000, 0x00000000fff00000, 0x0000000100000000)
  eden space 326144K, 0% used [0x00000000eac00000,0x00000000eac00000,0x00000000fea80000)
  from space 10240K, 3% used [0x00000000fea80000,0x00000000feae0000,0x00000000ff480000)
  to   space 9728K, 0% used [0x00000000ff580000,0x00000000ff580000,0x00000000fff00000)
 ParOldGen       total 44032K, used 28194K [0x00000000c0400000, 0x00000000c2f00000, 0x00000000eac00000)
  object space 44032K, 64% used [0x00000000c0400000,0x00000000c1f889d0,0x00000000c2f00000)
 Metaspace       used 14883K, capacity 15131K, committed 15488K, reserved 1062912K
  class space    used 1546K, capacity 1622K, committed 1664K, reserved 1048576K
}

