# JRE version: Java(TM) SE Runtime Environment (8.0_101-b13) (build 1.8.0_101-b13)
# Java VM: Java HotSpot(TM) 64-Bit Server VM (25.101-b13 mixed mode windows-amd64 compressed oops)
Heap:
 PSYoungGen      total 57344K, used 992K [0x00000000eac00000, 0x00000000f9480000, 0x0000000100000000)
  eden space 56320K, 0% used [0x00000000eac00000,0x00000000eac00000,0x00000000ee300000)
  from space 1024K, 96% used [0x00000000f9380000,0x00000000f9478010,0x00000000f9480000)
  to   space 2048K, 0% used [0x00000000f9080000,0x00000000f9080000,0x00000000f9280000)
 ParOldGen       total 44032K, used 43367K [0x00000000c0400000, 0x00000000c2f00000, 0x00000000eac00000)
  object space 44032K, 98% used [0x00000000c0400000,0x00000000c2e59e20,0x00000000c2f00000)
 Metaspace       used 18400K, capacity 18637K, committed 18944K, reserved 1067008K
  class space    used 1418K, capacity 1492K, committed 1536K, reserved 1048576K
GC Heap History (10 events):
Event: 773.927 GC heap after
Heap after GC invocations=86 (full 0):
 PSYoungGen      total 66560K, used 1056K [0x00000000eac00000, 0x00000000f9680000, 0x0000000100000000)
  eden space 65024K, 0% used [0x00000000eac00000,0x00000000eac00000,0x00000000eeb80000)
  from space 1536K, 68% used [0x00000000f9500000,0x00000000f96080c0,0x00000000f9680000)
  to   space 1536K, 0% used [0x00000000f9380000,0x00000000f9380000,0x00000000f9500000)
 ParOldGen       total 44032K, used 42047K [0x00000000c0400000, 0x00000000c2f00000, 0x00000000eac00000)
  object space 44032K, 95% used [0x00000000c0400000,0x00000000c2d0fc60,0x00000000c2f00000)
 Metaspace       used 18203K, capacity 18441K, committed 18688K, reserved 1067008K
  class space    used 1417K, capacity 1492K, committed 1536K, reserved 1048576K
}
Event: 774.097 GC heap before
{Heap before GC invocations=87 (full 0):
 PSYoungGen      total 66560K, used 66080K [0x00000000eac00000, 0x00000000f9680000, 0x0000000100000000)
  eden space 65024K, 100% used [0x00000000eac00000,0x00000000eeb80000,0x00000000eeb80000)
  from space 1536K, 68% used [0x00000000f9500000,0x00000000f96080c0,0x00000000f9680000)
  to   space 1536K, 0% used [0x00000000f9380000,0x00000000f9380000,0x00000000f9500000)
 ParOldGen       total 44032K, used 42047K [0x00000000c0400000, 0x00000000c2f00000, 0x00000000eac00000)
  object space 44032K, 95% used [0x00000000c0400000,0x00000000c2d0fc60,0x00000000c2f00000)
 Metaspace       used 18268K, capacity 18507K, committed 18944K, reserved 1067008K
  class space    used 1417K, capacity 1492K, committed 1536K, reserved 1048576K
Event: 774.098 GC heap after
Heap after GC invocations=87 (full 0):
 PSYoungGen      total 62976K, used 480K [0x00000000eac00000, 0x00000000f9580000, 0x0000000100000000)
  eden space 62464K, 0% used [0x00000000eac00000,0x00000000eac00000,0x00000000ee900000)
  from space 512K, 93% used [0x00000000f9380000,0x00000000f93f8040,0x00000000f9400000)
  to   space 1536K, 0% used [0x00000000f9400000,0x00000000f9400000,0x00000000f9580000)
 ParOldGen       total 44032K, used 42583K [0x00000000c0400000, 0x00000000c2f00000, 0x00000000eac00000)
  object space 44032K, 96% used [0x00000000c0400000,0x00000000c2d95d20,0x00000000c2f00000)
 Metaspace       used 18268K, capacity 18507K, committed 18944K, reserved 1067008K
  class space    used 1417K, capacity 1492K, committed 1536K, reserved 1048576K
}
Event: 786.719 GC heap before
{Heap before GC invocations=88 (full 0):
 PSYoungGen      total 62976K, used 62944K [0x00000000eac00000, 0x00000000f9580000, 0x0000000100000000)
  eden space 62464K, 100% used [0x00000000eac00000,0x00000000ee900000,0x00000000ee900000)
  from space 512K, 93% used [0x00000000f9380000,0x00000000f93f8040,0x00000000f9400000)
  to   space 1536K, 0% used [0x00000000f9400000,0x00000000f9400000,0x00000000f9580000)
 ParOldGen       total 44032K, used 42583K [0x00000000c0400000, 0x00000000c2f00000, 0x00000000eac00000)
  object space 44032K, 96% used [0x00000000c0400000,0x00000000c2d95d20,0x00000000c2f00000)
 Metaspace       used 18300K, capacity 18571K, committed 18944K, reserved 1067008K
  class space    used 1418K, capacity 1492K, committed 1536K, reserved 1048576K
Event: 786.721 GC heap after
Heap after GC invocations=88 (full 0):
 PSYoungGen      total 61952K, used 1216K [0x00000000eac00000, 0x00000000f9580000, 0x0000000100000000)
  eden space 60416K, 0% used [0x00000000eac00000,0x00000000eac00000,0x00000000ee700000)
  from space 1536K, 79% used [0x00000000f9400000,0x00000000f95300c0,0x00000000f9580000)
  to   space 1536K, 0% used [0x00000000f9280000,0x00000000f9280000,0x00000000f9400000)
 ParOldGen       total 44032K, used 42583K [0x00000000c0400000, 0x00000000c2f00000, 0x00000000eac00000)
  object space 44032K, 96% used [0x00000000c0400000,0x00000000c2d95d20,0x00000000c2f00000)
 Metaspace       used 18300K, capacity 18571K, committed 18944K, reserved 1067008K
  class space    used 1418K, capacity 1492K, committed 1536K, reserved 1048576K
}
Event: 786.963 GC heap before
{Heap before GC invocations=89 (full 0):
 PSYoungGen      total 61952K, used 61632K [0x00000000eac00000, 0x00000000f9580000, 0x0000000100000000)
  eden space 60416K, 100% used [0x00000000eac00000,0x00000000ee700000,0x00000000ee700000)
  from space 1536K, 79% used [0x00000000f9400000,0x00000000f95300c0,0x00000000f9580000)
  to   space 1536K, 0% used [0x00000000f9280000,0x00000000f9280000,0x00000000f9400000)
 ParOldGen       total 44032K, used 42583K [0x00000000c0400000, 0x00000000c2f00000, 0x00000000eac00000)
  object space 44032K, 96% used [0x00000000c0400000,0x00000000c2d95d20,0x00000000c2f00000)
 Metaspace       used 18366K, capacity 18637K, committed 18944K, reserved 1067008K
  class space    used 1418K, capacity 1492K, committed 1536K, reserved 1048576K
Event: 786.965 GC heap after
Heap after GC invocations=89 (full 0):
 PSYoungGen      total 59392K, used 576K [0x00000000eac00000, 0x00000000f9480000, 0x0000000100000000)
  eden space 58368K, 0% used [0x00000000eac00000,0x00000000eac00000,0x00000000ee500000)
  from space 1024K, 56% used [0x00000000f9280000,0x00000000f9310040,0x00000000f9380000)
  to   space 1024K, 0% used [0x00000000f9380000,0x00000000f9380000,0x00000000f9480000)
 ParOldGen       total 44032K, used 43111K [0x00000000c0400000, 0x00000000c2f00000, 0x00000000eac00000)
  object space 44032K, 97% used [0x00000000c0400000,0x00000000c2e19de0,0x00000000c2f00000)
 Metaspace       used 18366K, capacity 18637K, committed 18944K, reserved 1067008K
  class space    used 1418K, capacity 1492K, committed 1536K, reserved 1048576K
}
Event: 792.836 GC heap before
{Heap before GC invocations=90 (full 0):
 PSYoungGen      total 59392K, used 58944K [0x00000000eac00000, 0x00000000f9480000, 0x0000000100000000)
  eden space 58368K, 100% used [0x00000000eac00000,0x00000000ee500000,0x00000000ee500000)
  from space 1024K, 56% used [0x00000000f9280000,0x00000000f9310040,0x00000000f9380000)
  to   space 1024K, 0% used [0x00000000f9380000,0x00000000f9380000,0x00000000f9480000)
 ParOldGen       total 44032K, used 43111K [0x00000000c0400000, 0x00000000c2f00000, 0x00000000eac00000)
  object space 44032K, 97% used [0x00000000c0400000,0x00000000c2e19de0,0x00000000c2f00000)
 Metaspace       used 18400K, capacity 18637K, committed 18944K, reserved 1067008K
  class space    used 1418K, capacity 1492K, committed 1536K, reserved 1048576K
Event: 792.838 GC heap after
Heap after GC invocations=90 (full 0):
 PSYoungGen      total 57344K, used 992K [0x00000000eac00000, 0x00000000f9480000, 0x0000000100000000)
  eden space 56320K, 0% used [0x00000000eac00000,0x00000000eac00000,0x00000000ee300000)
  from space 1024K, 96% used [0x00000000f9380000,0x00000000f9478010,0x00000000f9480000)
  to   space 2048K, 0% used [0x00000000f9080000,0x00000000f9080000,0x00000000f9280000)
 ParOldGen       total 44032K, used 43367K [0x00000000c0400000, 0x00000000c2f00000, 0x00000000eac00000)
  object space 44032K, 98% used [0x00000000c0400000,0x00000000c2e59e20,0x00000000c2f00000)
 Metaspace       used 18400K, capacity 18637K, committed 18944K, reserved 1067008K
  class space    used 1418K, capacity 1492K, committed 1536K, reserved 1048576K
}
Event: 792.838 GC heap before
{Heap before GC invocations=91 (full 1):
 PSYoungGen      total 57344K, used 992K [0x00000000eac00000, 0x00000000f9480000, 0x0000000100000000)
  eden space 56320K, 0% used [0x00000000eac00000,0x00000000eac00000,0x00000000ee300000)
  from space 1024K, 96% used [0x00000000f9380000,0x00000000f9478010,0x00000000f9480000)
  to   space 2048K, 0% used [0x00000000f9080000,0x00000000f9080000,0x00000000f9280000)
 ParOldGen       total 44032K, used 43367K [0x00000000c0400000, 0x00000000c2f00000, 0x00000000eac00000)
  object space 44032K, 98% used [0x00000000c0400000,0x00000000c2e59e20,0x00000000c2f00000)
 Metaspace       used 18400K, capacity 18637K, committed 18944K, reserved 1067008K
  class space    used 1418K, capacity 1492K, committed 1536K, reserved 1048576K

