# JRE version: Java(TM) SE Runtime Environment (8.0_101-b13) (build 1.8.0_101-b13)
# Java VM: Java HotSpot(TM) 64-Bit Server VM (25.101-b13 mixed mode windows-amd64 compressed oops)
Heap:
 PSYoungGen      total 333824K, used 120868K [0x00000000eac00000, 0x00000000fff00000, 0x0000000100000000)
  eden space 320512K, 37% used [0x00000000eac00000,0x00000000f20f13b0,0x00000000fe500000)
  from space 13312K, 8% used [0x00000000fe500000,0x00000000fe618000,0x00000000ff200000)
  to   space 12800K, 0% used [0x00000000ff280000,0x00000000ff280000,0x00000000fff00000)
 ParOldGen       total 44032K, used 27861K [0x00000000c0400000, 0x00000000c2f00000, 0x00000000eac00000)
  object space 44032K, 63% used [0x00000000c0400000,0x00000000c1f35748,0x00000000c2f00000)
 Metaspace       used 14633K, capacity 14943K, committed 15232K, reserved 1062912K
  class space    used 1546K, capacity 1622K, committed 1664K, reserved 1048576K
GC Heap History (10 events):
Event: 4.490 GC heap before
{Heap before GC invocations=11 (full 0):
 PSYoungGen      total 333824K, used 319808K [0x00000000eac00000, 0x0000000100000000, 0x0000000100000000)
  eden space 319488K, 100% used [0x00000000eac00000,0x00000000fe400000,0x00000000fe400000)
  from space 14336K, 2% used [0x00000000ff200000,0x00000000ff250000,0x0000000100000000)
  to   space 14336K, 0% used [0x00000000fe400000,0x00000000fe400000,0x00000000ff200000)
 ParOldGen       total 44032K, used 27089K [0x00000000c0400000, 0x00000000c2f00000, 0x00000000eac00000)
  object space 44032K, 61% used [0x00000000c0400000,0x00000000c1e74700,0x00000000c2f00000)
 Metaspace       used 14548K, capacity 14815K, committed 14976K, reserved 1062912K
  class space    used 1545K, capacity 1622K, committed 1664K, reserved 1048576K
Event: 4.491 GC heap after
Heap after GC invocations=11 (full 0):
 PSYoungGen      total 320512K, used 736K [0x00000000eac00000, 0x00000000fff00000, 0x0000000100000000)
  eden space 319488K, 0% used [0x00000000eac00000,0x00000000eac00000,0x00000000fe400000)
  from space 1024K, 71% used [0x00000000fe400000,0x00000000fe4b8000,0x00000000fe500000)
  to   space 13824K, 0% used [0x00000000ff180000,0x00000000ff180000,0x00000000fff00000)
 ParOldGen       total 44032K, used 27217K [0x00000000c0400000, 0x00000000c2f00000, 0x00000000eac00000)
  object space 44032K, 61% used [0x00000000c0400000,0x00000000c1e94700,0x00000000c2f00000)
 Metaspace       used 14548K, capacity 14815K, committed 14976K, reserved 1062912K
  class space    used 1545K, capacity 1622K, committed 1664K, reserved 1048576K
}
Event: 4.803 GC heap before
{Heap before GC invocations=12 (full 0):
 PSYoungGen      total 320512K, used 320224K [0x00000000eac00000, 0x00000000fff00000, 0x0000000100000000)
  eden space 319488K, 100% used [0x00000000eac00000,0x00000000fe400000,0x00000000fe400000)
  from space 1024K, 71% used [0x00000000fe400000,0x00000000fe4b8000,0x00000000fe500000)
  to   space 13824K, 0% used [0x00000000ff180000,0x00000000ff180000,0x00000000fff00000)
 ParOldGen       total 44032K, used 27217K [0x00000000c0400000, 0x00000000c2f00000, 0x00000000eac00000)
  object space 44032K, 61% used [0x00000000c0400000,0x00000000c1e94700,0x00000000c2f00000)
 Metaspace       used 14567K, capacity 14815K, committed 14976K, reserved 1062912K
  class space    used 1545K, capacity 1622K, committed 1664K, reserved 1048576K
Event: 4.805 GC heap after
Heap after GC invocations=12 (full 0):
 PSYoungGen      total 333312K, used 544K [0x00000000eac00000, 0x0000000100000000, 0x0000000100000000)
  eden space 319488K, 0% used [0x00000000eac00000,0x00000000eac00000,0x00000000fe400000)
  from space 13824K, 3% used [0x00000000ff180000,0x00000000ff208000,0x00000000fff00000)
  to   space 13824K, 0% used [0x00000000fe400000,0x00000000fe400000,0x00000000ff180000)
 ParOldGen       total 44032K, used 27433K [0x00000000c0400000, 0x00000000c2f00000, 0x00000000eac00000)
  object space 44032K, 62% used [0x00000000c0400000,0x00000000c1eca700,0x00000000c2f00000)
 Metaspace       used 14567K, capacity 14815K, committed 14976K, reserved 1062912K
  class space    used 1545K, capacity 1622K, committed 1664K, reserved 1048576K
}
Event: 5.580 GC heap before
{Heap before GC invocations=13 (full 0):
 PSYoungGen      total 333312K, used 320032K [0x00000000eac00000, 0x0000000100000000, 0x0000000100000000)
  eden space 319488K, 100% used [0x00000000eac00000,0x00000000fe400000,0x00000000fe400000)
  from space 13824K, 3% used [0x00000000ff180000,0x00000000ff208000,0x00000000fff00000)
  to   space 13824K, 0% used [0x00000000fe400000,0x00000000fe400000,0x00000000ff180000)
 ParOldGen       total 44032K, used 27433K [0x00000000c0400000, 0x00000000c2f00000, 0x00000000eac00000)
  object space 44032K, 62% used [0x00000000c0400000,0x00000000c1eca700,0x00000000c2f00000)
 Metaspace       used 14618K, capacity 14815K, committed 14976K, reserved 1062912K
  class space    used 1545K, capacity 1622K, committed 1664K, reserved 1048576K
Event: 5.581 GC heap after
Heap after GC invocations=13 (full 0):
 PSYoungGen      total 333312K, used 192K [0x00000000eac00000, 0x00000000fff00000, 0x0000000100000000)
  eden space 319488K, 0% used [0x00000000eac00000,0x00000000eac00000,0x00000000fe400000)
  from space 13824K, 1% used [0x00000000fe400000,0x00000000fe430000,0x00000000ff180000)
  to   space 13312K, 0% used [0x00000000ff200000,0x00000000ff200000,0x00000000fff00000)
 ParOldGen       total 44032K, used 27673K [0x00000000c0400000, 0x00000000c2f00000, 0x00000000eac00000)
  object space 44032K, 62% used [0x00000000c0400000,0x00000000c1f06700,0x00000000c2f00000)
 Metaspace       used 14618K, capacity 14815K, committed 14976K, reserved 1062912K
  class space    used 1545K, capacity 1622K, committed 1664K, reserved 1048576K
}
Event: 6.197 GC heap before
{Heap before GC invocations=14 (full 0):
 PSYoungGen      total 333312K, used 319680K [0x00000000eac00000, 0x00000000fff00000, 0x0000000100000000)
  eden space 319488K, 100% used [0x00000000eac00000,0x00000000fe400000,0x00000000fe400000)
  from space 13824K, 1% used [0x00000000fe400000,0x00000000fe430000,0x00000000ff180000)
  to   space 13312K, 0% used [0x00000000ff200000,0x00000000ff200000,0x00000000fff00000)
 ParOldGen       total 44032K, used 27673K [0x00000000c0400000, 0x00000000c2f00000, 0x00000000eac00000)
  object space 44032K, 62% used [0x00000000c0400000,0x00000000c1f06700,0x00000000c2f00000)
 Metaspace       used 14627K, capacity 14815K, committed 14976K, reserved 1062912K
  class space    used 1545K, capacity 1622K, committed 1664K, reserved 1048576K
Event: 6.198 GC heap after
Heap after GC invocations=14 (full 0):
 PSYoungGen      total 333824K, used 576K [0x00000000eac00000, 0x00000000fff80000, 0x0000000100000000)
  eden space 320512K, 0% used [0x00000000eac00000,0x00000000eac00000,0x00000000fe500000)
  from space 13312K, 4% used [0x00000000ff200000,0x00000000ff290000,0x00000000fff00000)
  to   space 13312K, 0% used [0x00000000fe500000,0x00000000fe500000,0x00000000ff200000)
 ParOldGen       total 44032K, used 27753K [0x00000000c0400000, 0x00000000c2f00000, 0x00000000eac00000)
  object space 44032K, 63% used [0x00000000c0400000,0x00000000c1f1a700,0x00000000c2f00000)
 Metaspace       used 14627K, capacity 14815K, committed 14976K, reserved 1062912K
  class space    used 1545K, capacity 1622K, committed 1664K, reserved 1048576K
}
Event: 6.469 GC heap before
{Heap before GC invocations=15 (full 0):
 PSYoungGen      total 333824K, used 321088K [0x00000000eac00000, 0x00000000fff80000, 0x0000000100000000)
  eden space 320512K, 100% used [0x00000000eac00000,0x00000000fe500000,0x00000000fe500000)
  from space 13312K, 4% used [0x00000000ff200000,0x00000000ff290000,0x00000000fff00000)
  to   space 13312K, 0% used [0x00000000fe500000,0x00000000fe500000,0x00000000ff200000)
 ParOldGen       total 44032K, used 27753K [0x00000000c0400000, 0x00000000c2f00000, 0x00000000eac00000)
  object space 44032K, 63% used [0x00000000c0400000,0x00000000c1f1a700,0x00000000c2f00000)
 Metaspace       used 14629K, capacity 14943K, committed 15232K, reserved 1062912K
  class space    used 1546K, capacity 1622K, committed 1664K, reserved 1048576K
Event: 6.471 GC heap after
Heap after GC invocations=15 (full 0):
 PSYoungGen      total 333824K, used 1120K [0x00000000eac00000, 0x00000000fff00000, 0x0000000100000000)
  eden space 320512K, 0% used [0x00000000eac00000,0x00000000eac00000,0x00000000fe500000)
  from space 13312K, 8% used [0x00000000fe500000,0x00000000fe618000,0x00000000ff200000)
  to   space 12800K, 0% used [0x00000000ff280000,0x00000000ff280000,0x00000000fff00000)
 ParOldGen       total 44032K, used 27861K [0x00000000c0400000, 0x00000000c2f00000, 0x00000000eac00000)
  object space 44032K, 63% used [0x00000000c0400000,0x00000000c1f35748,0x00000000c2f00000)
 Metaspace       used 14629K, capacity 14943K, committed 15232K, reserved 1062912K
  class space    used 1546K, capacity 1622K, committed 1664K, reserved 1048576K
}

