# JRE version: Java(TM) SE Runtime Environment (8.0_101-b13) (build 1.8.0_101-b13)
# Java VM: Java HotSpot(TM) 64-Bit Server VM (25.101-b13 mixed mode windows-amd64 compressed oops)
Heap:
 PSYoungGen      total 333312K, used 291683K [0x00000000eac00000, 0x00000000fff00000, 0x0000000100000000)
  eden space 320512K, 90% used [0x00000000eac00000,0x00000000fc8a0cd0,0x00000000fe500000)
  from space 12800K, 1% used [0x00000000ff280000,0x00000000ff2b8000,0x00000000fff00000)
  to   space 13312K, 0% used [0x00000000fe500000,0x00000000fe500000,0x00000000ff200000)
 ParOldGen       total 44032K, used 28711K [0x00000000c0400000, 0x00000000c2f00000, 0x00000000eac00000)
  object space 44032K, 65% used [0x00000000c0400000,0x00000000c2009fb0,0x00000000c2f00000)
 Metaspace       used 14612K, capacity 14815K, committed 14976K, reserved 1062912K
  class space    used 1545K, capacity 1622K, committed 1664K, reserved 1048576K
GC Heap History (10 events):
Event: 3.072 GC heap before
{Heap before GC invocations=10 (full 0):
 PSYoungGen      total 145408K, used 139068K [0x00000000eac00000, 0x00000000f9500000, 0x0000000100000000)
  eden space 131072K, 100% used [0x00000000eac00000,0x00000000f2c00000,0x00000000f2c00000)
  from space 14336K, 55% used [0x00000000f2c00000,0x00000000f33cf070,0x00000000f3a00000)
  to   space 14336K, 0% used [0x00000000f8700000,0x00000000f8700000,0x00000000f9500000)
 ParOldGen       total 44032K, used 23363K [0x00000000c0400000, 0x00000000c2f00000, 0x00000000eac00000)
  object space 44032K, 53% used [0x00000000c0400000,0x00000000c1ad0f30,0x00000000c2f00000)
 Metaspace       used 14407K, capacity 14623K, committed 14976K, reserved 1062912K
  class space    used 1540K, capacity 1622K, committed 1664K, reserved 1048576K
Event: 3.077 GC heap after
Heap after GC invocations=10 (full 0):
 PSYoungGen      total 223232K, used 2168K [0x00000000eac00000, 0x00000000f9400000, 0x0000000100000000)
  eden space 209920K, 0% used [0x00000000eac00000,0x00000000eac00000,0x00000000f7900000)
  from space 13312K, 16% used [0x00000000f8700000,0x00000000f891e080,0x00000000f9400000)
  to   space 13824K, 0% used [0x00000000f7900000,0x00000000f7900000,0x00000000f8680000)
 ParOldGen       total 44032K, used 27971K [0x00000000c0400000, 0x00000000c2f00000, 0x00000000eac00000)
  object space 44032K, 63% used [0x00000000c0400000,0x00000000c1f50f80,0x00000000c2f00000)
 Metaspace       used 14407K, capacity 14623K, committed 14976K, reserved 1062912K
  class space    used 1540K, capacity 1622K, committed 1664K, reserved 1048576K
}
Event: 3.186 GC heap before
{Heap before GC invocations=11 (full 0):
 PSYoungGen      total 223232K, used 212088K [0x00000000eac00000, 0x00000000f9400000, 0x0000000100000000)
  eden space 209920K, 100% used [0x00000000eac00000,0x00000000f7900000,0x00000000f7900000)
  from space 13312K, 16% used [0x00000000f8700000,0x00000000f891e080,0x00000000f9400000)
  to   space 13824K, 0% used [0x00000000f7900000,0x00000000f7900000,0x00000000f8680000)
 ParOldGen       total 44032K, used 27971K [0x00000000c0400000, 0x00000000c2f00000, 0x00000000eac00000)
  object space 44032K, 63% used [0x00000000c0400000,0x00000000c1f50f80,0x00000000c2f00000)
 Metaspace       used 14424K, capacity 14687K, committed 14976K, reserved 1062912K
  class space    used 1544K, capacity 1622K, committed 1664K, reserved 1048576K
Event: 3.199 GC heap after
Heap after GC invocations=11 (full 0):
 PSYoungGen      total 223744K, used 1096K [0x00000000eac00000, 0x0000000100000000, 0x0000000100000000)
  eden space 209920K, 0% used [0x00000000eac00000,0x00000000eac00000,0x00000000f7900000)
  from space 13824K, 7% used [0x00000000f7900000,0x00000000f7a12030,0x00000000f8680000)
  to   space 13824K, 0% used [0x00000000ff280000,0x00000000ff280000,0x0000000100000000)
 ParOldGen       total 44032K, used 28215K [0x00000000c0400000, 0x00000000c2f00000, 0x00000000eac00000)
  object space 44032K, 64% used [0x00000000c0400000,0x00000000c1f8df90,0x00000000c2f00000)
 Metaspace       used 14424K, capacity 14687K, committed 14976K, reserved 1062912K
  class space    used 1544K, capacity 1622K, committed 1664K, reserved 1048576K
}
Event: 4.305 GC heap before
{Heap before GC invocations=12 (full 0):
 PSYoungGen      total 223744K, used 211016K [0x00000000eac00000, 0x0000000100000000, 0x0000000100000000)
  eden space 209920K, 100% used [0x00000000eac00000,0x00000000f7900000,0x00000000f7900000)
  from space 13824K, 7% used [0x00000000f7900000,0x00000000f7a12030,0x00000000f8680000)
  to   space 13824K, 0% used [0x00000000ff280000,0x00000000ff280000,0x0000000100000000)
 ParOldGen       total 44032K, used 28215K [0x00000000c0400000, 0x00000000c2f00000, 0x00000000eac00000)
  object space 44032K, 64% used [0x00000000c0400000,0x00000000c1f8df90,0x00000000c2f00000)
 Metaspace       used 14545K, capacity 14815K, committed 14976K, reserved 1062912K
  class space    used 1545K, capacity 1622K, committed 1664K, reserved 1048576K
Event: 4.307 GC heap after
Heap after GC invocations=12 (full 0):
 PSYoungGen      total 334336K, used 496K [0x00000000eac00000, 0x0000000100000000, 0x0000000100000000)
  eden space 320512K, 0% used [0x00000000eac00000,0x00000000eac00000,0x00000000fe500000)
  from space 13824K, 3% used [0x00000000ff280000,0x00000000ff2fc010,0x0000000100000000)
  to   space 13824K, 0% used [0x00000000fe500000,0x00000000fe500000,0x00000000ff280000)
 ParOldGen       total 44032K, used 28239K [0x00000000c0400000, 0x00000000c2f00000, 0x00000000eac00000)
  object space 44032K, 64% used [0x00000000c0400000,0x00000000c1f93f90,0x00000000c2f00000)
 Metaspace       used 14545K, capacity 14815K, committed 14976K, reserved 1062912K
  class space    used 1545K, capacity 1622K, committed 1664K, reserved 1048576K
}
Event: 4.667 GC heap before
{Heap before GC invocations=13 (full 0):
 PSYoungGen      total 334336K, used 321008K [0x00000000eac00000, 0x0000000100000000, 0x0000000100000000)
  eden space 320512K, 100% used [0x00000000eac00000,0x00000000fe500000,0x00000000fe500000)
  from space 13824K, 3% used [0x00000000ff280000,0x00000000ff2fc010,0x0000000100000000)
  to   space 13824K, 0% used [0x00000000fe500000,0x00000000fe500000,0x00000000ff280000)
 ParOldGen       total 44032K, used 28239K [0x00000000c0400000, 0x00000000c2f00000, 0x00000000eac00000)
  object space 44032K, 64% used [0x00000000c0400000,0x00000000c1f93f90,0x00000000c2f00000)
 Metaspace       used 14545K, capacity 14815K, committed 14976K, reserved 1062912K
  class space    used 1545K, capacity 1622K, committed 1664K, reserved 1048576K
Event: 4.669 GC heap after
Heap after GC invocations=13 (full 0):
 PSYoungGen      total 334336K, used 896K [0x00000000eac00000, 0x0000000100000000, 0x0000000100000000)
  eden space 320512K, 0% used [0x00000000eac00000,0x00000000eac00000,0x00000000fe500000)
  from space 13824K, 6% used [0x00000000fe500000,0x00000000fe5e0000,0x00000000ff280000)
  to   space 13824K, 0% used [0x00000000ff280000,0x00000000ff280000,0x0000000100000000)
 ParOldGen       total 44032K, used 28503K [0x00000000c0400000, 0x00000000c2f00000, 0x00000000eac00000)
  object space 44032K, 64% used [0x00000000c0400000,0x00000000c1fd5fb0,0x00000000c2f00000)
 Metaspace       used 14545K, capacity 14815K, committed 14976K, reserved 1062912K
  class space    used 1545K, capacity 1622K, committed 1664K, reserved 1048576K
}
Event: 5.277 GC heap before
{Heap before GC invocations=14 (full 0):
 PSYoungGen      total 334336K, used 321408K [0x00000000eac00000, 0x0000000100000000, 0x0000000100000000)
  eden space 320512K, 100% used [0x00000000eac00000,0x00000000fe500000,0x00000000fe500000)
  from space 13824K, 6% used [0x00000000fe500000,0x00000000fe5e0000,0x00000000ff280000)
  to   space 13824K, 0% used [0x00000000ff280000,0x00000000ff280000,0x0000000100000000)
 ParOldGen       total 44032K, used 28503K [0x00000000c0400000, 0x00000000c2f00000, 0x00000000eac00000)
  object space 44032K, 64% used [0x00000000c0400000,0x00000000c1fd5fb0,0x00000000c2f00000)
 Metaspace       used 14580K, capacity 14815K, committed 14976K, reserved 1062912K
  class space    used 1545K, capacity 1622K, committed 1664K, reserved 1048576K
Event: 5.278 GC heap after
Heap after GC invocations=14 (full 0):
 PSYoungGen      total 333312K, used 224K [0x00000000eac00000, 0x00000000fff00000, 0x0000000100000000)
  eden space 320512K, 0% used [0x00000000eac00000,0x00000000eac00000,0x00000000fe500000)
  from space 12800K, 1% used [0x00000000ff280000,0x00000000ff2b8000,0x00000000fff00000)
  to   space 13312K, 0% used [0x00000000fe500000,0x00000000fe500000,0x00000000ff200000)
 ParOldGen       total 44032K, used 28711K [0x00000000c0400000, 0x00000000c2f00000, 0x00000000eac00000)
  object space 44032K, 65% used [0x00000000c0400000,0x00000000c2009fb0,0x00000000c2f00000)
 Metaspace       used 14580K, capacity 14815K, committed 14976K, reserved 1062912K
  class space    used 1545K, capacity 1622K, committed 1664K, reserved 1048576K
}

