# JRE version: Java(TM) SE Runtime Environment (8.0_101-b13) (build 1.8.0_101-b13)
# Java VM: Java HotSpot(TM) 64-Bit Server VM (25.101-b13 mixed mode windows-amd64 compressed oops)
Heap:
 PSYoungGen      total 117248K, used 108766K [0x00000000eac00000, 0x00000000fc880000, 0x0000000100000000)
  eden space 116736K, 93% used [0x00000000eac00000,0x00000000f16179e8,0x00000000f1e00000)
  from space 512K, 25% used [0x00000000fc800000,0x00000000fc820000,0x00000000fc880000)
  to   space 512K, 0% used [0x00000000fc780000,0x00000000fc780000,0x00000000fc800000)
 ParOldGen       total 44032K, used 30584K [0x00000000c0400000, 0x00000000c2f00000, 0x00000000eac00000)
  object space 44032K, 69% used [0x00000000c0400000,0x00000000c21de370,0x00000000c2f00000)
 Metaspace       used 14988K, capacity 15195K, committed 15488K, reserved 1062912K
  class space    used 1546K, capacity 1622K, committed 1664K, reserved 1048576K
GC Heap History (10 events):
Event: 37.384 GC heap before
{Heap before GC invocations=282 (full 0):
 PSYoungGen      total 145920K, used 145536K [0x00000000eac00000, 0x00000000fc880000, 0x0000000100000000)
  eden space 145408K, 100% used [0x00000000eac00000,0x00000000f3a00000,0x00000000f3a00000)
  from space 512K, 25% used [0x00000000fc780000,0x00000000fc7a0000,0x00000000fc800000)
  to   space 512K, 0% used [0x00000000fc800000,0x00000000fc800000,0x00000000fc880000)
 ParOldGen       total 44032K, used 30496K [0x00000000c0400000, 0x00000000c2f00000, 0x00000000eac00000)
  object space 44032K, 69% used [0x00000000c0400000,0x00000000c21c8370,0x00000000c2f00000)
 Metaspace       used 14978K, capacity 15195K, committed 15488K, reserved 1062912K
  class space    used 1546K, capacity 1622K, committed 1664K, reserved 1048576K
Event: 37.385 GC heap after
Heap after GC invocations=282 (full 0):
 PSYoungGen      total 139776K, used 128K [0x00000000eac00000, 0x00000000fc880000, 0x0000000100000000)
  eden space 139264K, 0% used [0x00000000eac00000,0x00000000eac00000,0x00000000f3400000)
  from space 512K, 25% used [0x00000000fc800000,0x00000000fc820000,0x00000000fc880000)
  to   space 512K, 0% used [0x00000000fc780000,0x00000000fc780000,0x00000000fc800000)
 ParOldGen       total 44032K, used 30512K [0x00000000c0400000, 0x00000000c2f00000, 0x00000000eac00000)
  object space 44032K, 69% used [0x00000000c0400000,0x00000000c21cc370,0x00000000c2f00000)
 Metaspace       used 14978K, capacity 15195K, committed 15488K, reserved 1062912K
  class space    used 1546K, capacity 1622K, committed 1664K, reserved 1048576K
}
Event: 37.536 GC heap before
{Heap before GC invocations=283 (full 0):
 PSYoungGen      total 139776K, used 139392K [0x00000000eac00000, 0x00000000fc880000, 0x0000000100000000)
  eden space 139264K, 100% used [0x00000000eac00000,0x00000000f3400000,0x00000000f3400000)
  from space 512K, 25% used [0x00000000fc800000,0x00000000fc820000,0x00000000fc880000)
  to   space 512K, 0% used [0x00000000fc780000,0x00000000fc780000,0x00000000fc800000)
 ParOldGen       total 44032K, used 30512K [0x00000000c0400000, 0x00000000c2f00000, 0x00000000eac00000)
  object space 44032K, 69% used [0x00000000c0400000,0x00000000c21cc370,0x00000000c2f00000)
 Metaspace       used 14978K, capacity 15195K, committed 15488K, reserved 1062912K
  class space    used 1546K, capacity 1622K, committed 1664K, reserved 1048576K
Event: 37.537 GC heap after
Heap after GC invocations=283 (full 0):
 PSYoungGen      total 133632K, used 128K [0x00000000eac00000, 0x00000000fc880000, 0x0000000100000000)
  eden space 133120K, 0% used [0x00000000eac00000,0x00000000eac00000,0x00000000f2e00000)
  from space 512K, 25% used [0x00000000fc780000,0x00000000fc7a0000,0x00000000fc800000)
  to   space 512K, 0% used [0x00000000fc800000,0x00000000fc800000,0x00000000fc880000)
 ParOldGen       total 44032K, used 30528K [0x00000000c0400000, 0x00000000c2f00000, 0x00000000eac00000)
  object space 44032K, 69% used [0x00000000c0400000,0x00000000c21d0370,0x00000000c2f00000)
 Metaspace       used 14978K, capacity 15195K, committed 15488K, reserved 1062912K
  class space    used 1546K, capacity 1622K, committed 1664K, reserved 1048576K
}
Event: 37.685 GC heap before
{Heap before GC invocations=284 (full 0):
 PSYoungGen      total 133632K, used 133248K [0x00000000eac00000, 0x00000000fc880000, 0x0000000100000000)
  eden space 133120K, 100% used [0x00000000eac00000,0x00000000f2e00000,0x00000000f2e00000)
  from space 512K, 25% used [0x00000000fc780000,0x00000000fc7a0000,0x00000000fc800000)
  to   space 512K, 0% used [0x00000000fc800000,0x00000000fc800000,0x00000000fc880000)
 ParOldGen       total 44032K, used 30528K [0x00000000c0400000, 0x00000000c2f00000, 0x00000000eac00000)
  object space 44032K, 69% used [0x00000000c0400000,0x00000000c21d0370,0x00000000c2f00000)
 Metaspace       used 14978K, capacity 15195K, committed 15488K, reserved 1062912K
  class space    used 1546K, capacity 1622K, committed 1664K, reserved 1048576K
Event: 37.686 GC heap after
Heap after GC invocations=284 (full 0):
 PSYoungGen      total 128000K, used 128K [0x00000000eac00000, 0x00000000fc880000, 0x0000000100000000)
  eden space 127488K, 0% used [0x00000000eac00000,0x00000000eac00000,0x00000000f2880000)
  from space 512K, 25% used [0x00000000fc800000,0x00000000fc820000,0x00000000fc880000)
  to   space 512K, 0% used [0x00000000fc780000,0x00000000fc780000,0x00000000fc800000)
 ParOldGen       total 44032K, used 30552K [0x00000000c0400000, 0x00000000c2f00000, 0x00000000eac00000)
  object space 44032K, 69% used [0x00000000c0400000,0x00000000c21d6370,0x00000000c2f00000)
 Metaspace       used 14978K, capacity 15195K, committed 15488K, reserved 1062912K
  class space    used 1546K, capacity 1622K, committed 1664K, reserved 1048576K
}
Event: 37.834 GC heap before
{Heap before GC invocations=285 (full 0):
 PSYoungGen      total 128000K, used 127616K [0x00000000eac00000, 0x00000000fc880000, 0x0000000100000000)
  eden space 127488K, 100% used [0x00000000eac00000,0x00000000f2880000,0x00000000f2880000)
  from space 512K, 25% used [0x00000000fc800000,0x00000000fc820000,0x00000000fc880000)
  to   space 512K, 0% used [0x00000000fc780000,0x00000000fc780000,0x00000000fc800000)
 ParOldGen       total 44032K, used 30552K [0x00000000c0400000, 0x00000000c2f00000, 0x00000000eac00000)
  object space 44032K, 69% used [0x00000000c0400000,0x00000000c21d6370,0x00000000c2f00000)
 Metaspace       used 14978K, capacity 15195K, committed 15488K, reserved 1062912K
  class space    used 1546K, capacity 1622K, committed 1664K, reserved 1048576K
Event: 37.835 GC heap after
Heap after GC invocations=285 (full 0):
 PSYoungGen      total 122368K, used 128K [0x00000000eac00000, 0x00000000fc880000, 0x0000000100000000)
  eden space 121856K, 0% used [0x00000000eac00000,0x00000000eac00000,0x00000000f2300000)
  from space 512K, 25% used [0x00000000fc780000,0x00000000fc7a0000,0x00000000fc800000)
  to   space 512K, 0% used [0x00000000fc800000,0x00000000fc800000,0x00000000fc880000)
 ParOldGen       total 44032K, used 30568K [0x00000000c0400000, 0x00000000c2f00000, 0x00000000eac00000)
  object space 44032K, 69% used [0x00000000c0400000,0x00000000c21da370,0x00000000c2f00000)
 Metaspace       used 14978K, capacity 15195K, committed 15488K, reserved 1062912K
  class space    used 1546K, capacity 1622K, committed 1664K, reserved 1048576K
}
Event: 37.968 GC heap before
{Heap before GC invocations=286 (full 0):
 PSYoungGen      total 122368K, used 121984K [0x00000000eac00000, 0x00000000fc880000, 0x0000000100000000)
  eden space 121856K, 100% used [0x00000000eac00000,0x00000000f2300000,0x00000000f2300000)
  from space 512K, 25% used [0x00000000fc780000,0x00000000fc7a0000,0x00000000fc800000)
  to   space 512K, 0% used [0x00000000fc800000,0x00000000fc800000,0x00000000fc880000)
 ParOldGen       total 44032K, used 30568K [0x00000000c0400000, 0x00000000c2f00000, 0x00000000eac00000)
  object space 44032K, 69% used [0x00000000c0400000,0x00000000c21da370,0x00000000c2f00000)
 Metaspace       used 14978K, capacity 15195K, committed 15488K, reserved 1062912K
  class space    used 1546K, capacity 1622K, committed 1664K, reserved 1048576K
Event: 37.969 GC heap after
Heap after GC invocations=286 (full 0):
 PSYoungGen      total 117248K, used 128K [0x00000000eac00000, 0x00000000fc880000, 0x0000000100000000)
  eden space 116736K, 0% used [0x00000000eac00000,0x00000000eac00000,0x00000000f1e00000)
  from space 512K, 25% used [0x00000000fc800000,0x00000000fc820000,0x00000000fc880000)
  to   space 512K, 0% used [0x00000000fc780000,0x00000000fc780000,0x00000000fc800000)
 ParOldGen       total 44032K, used 30584K [0x00000000c0400000, 0x00000000c2f00000, 0x00000000eac00000)
  object space 44032K, 69% used [0x00000000c0400000,0x00000000c21de370,0x00000000c2f00000)
 Metaspace       used 14978K, capacity 15195K, committed 15488K, reserved 1062912K
  class space    used 1546K, capacity 1622K, committed 1664K, reserved 1048576K
}

