# JRE version: Java(TM) SE Runtime Environment (8.0_73-b02) (build 1.8.0_73-b02)
# Java VM: Java HotSpot(TM) 64-Bit Server VM (25.73-b02 mixed mode windows-amd64 compressed oops)
Heap:
 PSYoungGen      total 135680K, used 71070K [0x00000000eac00000, 0x00000000f8f80000, 0x0000000100000000)
  eden space 131072K, 50% used [0x00000000eac00000,0x00000000eeceb600,0x00000000f2c00000)
  from space 4608K, 99% used [0x00000000f2c00000,0x00000000f307c508,0x00000000f3080000)
  to   space 19456K, 0% used [0x00000000f7c80000,0x00000000f7c80000,0x00000000f8f80000)
 ParOldGen       total 78336K, used 39613K [0x00000000c0400000, 0x00000000c5080000, 0x00000000eac00000)
  object space 78336K, 50% used [0x00000000c0400000,0x00000000c2aaf540,0x00000000c5080000)
 Metaspace       used 21694K, capacity 22042K, committed 22528K, reserved 1069056K
  class space    used 2483K, capacity 2560K, committed 2560K, reserved 1048576K
GC Heap History (10 events):
Event: 1.973 GC heap before
{Heap before GC invocations=7 (full 0):
 PSYoungGen      total 70144K, used 68070K [0x00000000eac00000, 0x00000000ef500000, 0x0000000100000000)
  eden space 65536K, 100% used [0x00000000eac00000,0x00000000eec00000,0x00000000eec00000)
  from space 4608K, 54% used [0x00000000ef080000,0x00000000ef2f9970,0x00000000ef500000)
  to   space 4608K, 0% used [0x00000000eec00000,0x00000000eec00000,0x00000000ef080000)
 ParOldGen       total 44032K, used 2341K [0x00000000c0400000, 0x00000000c2f00000, 0x00000000eac00000)
  object space 44032K, 5% used [0x00000000c0400000,0x00000000c06495f8,0x00000000c2f00000)
 Metaspace       used 19641K, capacity 19884K, committed 20352K, reserved 1067008K
  class space    used 2234K, capacity 2325K, committed 2432K, reserved 1048576K
Event: 1.982 GC heap after
Heap after GC invocations=7 (full 0):
 PSYoungGen      total 70144K, used 3180K [0x00000000eac00000, 0x00000000f3500000, 0x0000000100000000)
  eden space 65536K, 0% used [0x00000000eac00000,0x00000000eac00000,0x00000000eec00000)
  from space 4608K, 69% used [0x00000000eec00000,0x00000000eef1b060,0x00000000ef080000)
  to   space 4608K, 0% used [0x00000000f3080000,0x00000000f3080000,0x00000000f3500000)
 ParOldGen       total 44032K, used 3833K [0x00000000c0400000, 0x00000000c2f00000, 0x00000000eac00000)
  object space 44032K, 8% used [0x00000000c0400000,0x00000000c07be668,0x00000000c2f00000)
 Metaspace       used 19641K, capacity 19884K, committed 20352K, reserved 1067008K
  class space    used 2234K, capacity 2325K, committed 2432K, reserved 1048576K
}
Event: 3.995 GC heap before
{Heap before GC invocations=8 (full 0):
 PSYoungGen      total 70144K, used 32453K [0x00000000eac00000, 0x00000000f3500000, 0x0000000100000000)
  eden space 65536K, 44% used [0x00000000eac00000,0x00000000ec896508,0x00000000eec00000)
  from space 4608K, 69% used [0x00000000eec00000,0x00000000eef1b060,0x00000000ef080000)
  to   space 4608K, 0% used [0x00000000f3080000,0x00000000f3080000,0x00000000f3500000)
 ParOldGen       total 44032K, used 3833K [0x00000000c0400000, 0x00000000c2f00000, 0x00000000eac00000)
  object space 44032K, 8% used [0x00000000c0400000,0x00000000c07be668,0x00000000c2f00000)
 Metaspace       used 20599K, capacity 20880K, committed 21248K, reserved 1069056K
  class space    used 2371K, capacity 2457K, committed 2560K, reserved 1048576K
Event: 3.998 GC heap after
Heap after GC invocations=8 (full 0):
 PSYoungGen      total 135680K, used 2224K [0x00000000eac00000, 0x00000000f3500000, 0x0000000100000000)
  eden space 131072K, 0% used [0x00000000eac00000,0x00000000eac00000,0x00000000f2c00000)
  from space 4608K, 48% used [0x00000000f3080000,0x00000000f32ac020,0x00000000f3500000)
  to   space 4608K, 0% used [0x00000000f2c00000,0x00000000f2c00000,0x00000000f3080000)
 ParOldGen       total 44032K, used 3873K [0x00000000c0400000, 0x00000000c2f00000, 0x00000000eac00000)
  object space 44032K, 8% used [0x00000000c0400000,0x00000000c07c8668,0x00000000c2f00000)
 Metaspace       used 20599K, capacity 20880K, committed 21248K, reserved 1069056K
  class space    used 2371K, capacity 2457K, committed 2560K, reserved 1048576K
}
Event: 3.998 GC heap before
{Heap before GC invocations=9 (full 1):
 PSYoungGen      total 135680K, used 2224K [0x00000000eac00000, 0x00000000f3500000, 0x0000000100000000)
  eden space 131072K, 0% used [0x00000000eac00000,0x00000000eac00000,0x00000000f2c00000)
  from space 4608K, 48% used [0x00000000f3080000,0x00000000f32ac020,0x00000000f3500000)
  to   space 4608K, 0% used [0x00000000f2c00000,0x00000000f2c00000,0x00000000f3080000)
 ParOldGen       total 44032K, used 3873K [0x00000000c0400000, 0x00000000c2f00000, 0x00000000eac00000)
  object space 44032K, 8% used [0x00000000c0400000,0x00000000c07c8668,0x00000000c2f00000)
 Metaspace       used 20599K, capacity 20880K, committed 21248K, reserved 1069056K
  class space    used 2371K, capacity 2457K, committed 2560K, reserved 1048576K
Event: 4.021 GC heap after
Heap after GC invocations=9 (full 1):
 PSYoungGen      total 135680K, used 0K [0x00000000eac00000, 0x00000000f3500000, 0x0000000100000000)
  eden space 131072K, 0% used [0x00000000eac00000,0x00000000eac00000,0x00000000f2c00000)
  from space 4608K, 0% used [0x00000000f3080000,0x00000000f3080000,0x00000000f3500000)
  to   space 4608K, 0% used [0x00000000f2c00000,0x00000000f2c00000,0x00000000f3080000)
 ParOldGen       total 25088K, used 3811K [0x00000000c0400000, 0x00000000c1c80000, 0x00000000eac00000)
  object space 25088K, 15% used [0x00000000c0400000,0x00000000c07b8dc0,0x00000000c1c80000)
 Metaspace       used 20599K, capacity 20880K, committed 21248K, reserved 1069056K
  class space    used 2371K, capacity 2457K, committed 2560K, reserved 1048576K
}
Event: 38.243 GC heap before
{Heap before GC invocations=10 (full 1):
 PSYoungGen      total 135680K, used 131072K [0x00000000eac00000, 0x00000000f3500000, 0x0000000100000000)
  eden space 131072K, 100% used [0x00000000eac00000,0x00000000f2c00000,0x00000000f2c00000)
  from space 4608K, 0% used [0x00000000f3080000,0x00000000f3080000,0x00000000f3500000)
  to   space 4608K, 0% used [0x00000000f2c00000,0x00000000f2c00000,0x00000000f3080000)
 ParOldGen       total 25088K, used 3811K [0x00000000c0400000, 0x00000000c1c80000, 0x00000000eac00000)
  object space 25088K, 15% used [0x00000000c0400000,0x00000000c07b8dc0,0x00000000c1c80000)
 Metaspace       used 21618K, capacity 21914K, committed 22272K, reserved 1069056K
  class space    used 2480K, capacity 2560K, committed 2560K, reserved 1048576K
Event: 38.264 GC heap after
Heap after GC invocations=10 (full 1):
 PSYoungGen      total 135680K, used 4608K [0x00000000eac00000, 0x00000000f8f80000, 0x0000000100000000)
  eden space 131072K, 0% used [0x00000000eac00000,0x00000000eac00000,0x00000000f2c00000)
  from space 4608K, 100% used [0x00000000f2c00000,0x00000000f3080000,0x00000000f3080000)
  to   space 19456K, 0% used [0x00000000f7c80000,0x00000000f7c80000,0x00000000f8f80000)
 ParOldGen       total 39936K, used 39931K [0x00000000c0400000, 0x00000000c2b00000, 0x00000000eac00000)
  object space 39936K, 99% used [0x00000000c0400000,0x00000000c2afedf0,0x00000000c2b00000)
 Metaspace       used 21618K, capacity 21914K, committed 22272K, reserved 1069056K
  class space    used 2480K, capacity 2560K, committed 2560K, reserved 1048576K
}
Event: 38.264 GC heap before
{Heap before GC invocations=11 (full 2):
 PSYoungGen      total 135680K, used 4608K [0x00000000eac00000, 0x00000000f8f80000, 0x0000000100000000)
  eden space 131072K, 0% used [0x00000000eac00000,0x00000000eac00000,0x00000000f2c00000)
  from space 4608K, 100% used [0x00000000f2c00000,0x00000000f3080000,0x00000000f3080000)
  to   space 19456K, 0% used [0x00000000f7c80000,0x00000000f7c80000,0x00000000f8f80000)
 ParOldGen       total 39936K, used 39931K [0x00000000c0400000, 0x00000000c2b00000, 0x00000000eac00000)
  object space 39936K, 99% used [0x00000000c0400000,0x00000000c2afedf0,0x00000000c2b00000)
 Metaspace       used 21618K, capacity 21914K, committed 22272K, reserved 1069056K
  class space    used 2480K, capacity 2560K, committed 2560K, reserved 1048576K
Event: 38.343 GC heap after
Heap after GC invocations=11 (full 2):
 PSYoungGen      total 135680K, used 4593K [0x00000000eac00000, 0x00000000f8f80000, 0x0000000100000000)
  eden space 131072K, 0% used [0x00000000eac00000,0x00000000eac00000,0x00000000f2c00000)
  from space 4608K, 99% used [0x00000000f2c00000,0x00000000f307c508,0x00000000f3080000)
  to   space 19456K, 0% used [0x00000000f7c80000,0x00000000f7c80000,0x00000000f8f80000)
 ParOldGen       total 78336K, used 39613K [0x00000000c0400000, 0x00000000c5080000, 0x00000000eac00000)
  object space 78336K, 50% used [0x00000000c0400000,0x00000000c2aaf540,0x00000000c5080000)
 Metaspace       used 21618K, capacity 21914K, committed 22272K, reserved 1069056K
  class space    used 2480K, capacity 2560K, committed 2560K, reserved 1048576K
}

