# JRE version: Java(TM) SE Runtime Environment (8.0_73-b02) (build 1.8.0_73-b02)
# Java VM: Java HotSpot(TM) 64-Bit Server VM (25.73-b02 mixed mode windows-amd64 compressed oops)
Heap:
 PSYoungGen      total 137216K, used 39045K [0x00000000eac00000, 0x00000000fbe00000, 0x0000000100000000)
  eden space 130048K, 30% used [0x00000000eac00000,0x00000000ed221540,0x00000000f2b00000)
  from space 7168K, 0% used [0x00000000f2b00000,0x00000000f2b00000,0x00000000f3200000)
  to   space 10240K, 0% used [0x00000000fb400000,0x00000000fb400000,0x00000000fbe00000)
 ParOldGen       total 34304K, used 12524K [0x00000000c0400000, 0x00000000c2580000, 0x00000000eac00000)
  object space 34304K, 36% used [0x00000000c0400000,0x00000000c103b050,0x00000000c2580000)
 Metaspace       used 21929K, capacity 22234K, committed 22528K, reserved 1069056K
  class space    used 2482K, capacity 2560K, committed 2560K, reserved 1048576K
GC Heap History (10 events):
Event: 1.247 GC heap before
{Heap before GC invocations=4 (full 0):
 PSYoungGen      total 35328K, used 35296K [0x00000000eac00000, 0x00000000ef100000, 0x0000000100000000)
  eden space 32768K, 100% used [0x00000000eac00000,0x00000000ecc00000,0x00000000ecc00000)
  from space 2560K, 98% used [0x00000000ecc00000,0x00000000ece78010,0x00000000ece80000)
  to   space 2560K, 0% used [0x00000000eee80000,0x00000000eee80000,0x00000000ef100000)
 ParOldGen       total 44032K, used 1303K [0x00000000c0400000, 0x00000000c2f00000, 0x00000000eac00000)
  object space 44032K, 2% used [0x00000000c0400000,0x00000000c0545d98,0x00000000c2f00000)
 Metaspace       used 12526K, capacity 12750K, committed 13056K, reserved 1060864K
  class space    used 1173K, capacity 1251K, committed 1280K, reserved 1048576K
Event: 1.249 GC heap after
Heap after GC invocations=4 (full 0):
 PSYoungGen      total 68096K, used 2528K [0x00000000eac00000, 0x00000000ef100000, 0x0000000100000000)
  eden space 65536K, 0% used [0x00000000eac00000,0x00000000eac00000,0x00000000eec00000)
  from space 2560K, 98% used [0x00000000eee80000,0x00000000ef0f8010,0x00000000ef100000)
  to   space 2560K, 0% used [0x00000000eec00000,0x00000000eec00000,0x00000000eee80000)
 ParOldGen       total 44032K, used 3423K [0x00000000c0400000, 0x00000000c2f00000, 0x00000000eac00000)
  object space 44032K, 7% used [0x00000000c0400000,0x00000000c0757db8,0x00000000c2f00000)
 Metaspace       used 12526K, capacity 12750K, committed 13056K, reserved 1060864K
  class space    used 1173K, capacity 1251K, committed 1280K, reserved 1048576K
}
Event: 1.818 GC heap before
{Heap before GC invocations=5 (full 0):
 PSYoungGen      total 68096K, used 68064K [0x00000000eac00000, 0x00000000ef100000, 0x0000000100000000)
  eden space 65536K, 100% used [0x00000000eac00000,0x00000000eec00000,0x00000000eec00000)
  from space 2560K, 98% used [0x00000000eee80000,0x00000000ef0f8010,0x00000000ef100000)
  to   space 2560K, 0% used [0x00000000eec00000,0x00000000eec00000,0x00000000eee80000)
 ParOldGen       total 44032K, used 3423K [0x00000000c0400000, 0x00000000c2f00000, 0x00000000eac00000)
  object space 44032K, 7% used [0x00000000c0400000,0x00000000c0757db8,0x00000000c2f00000)
 Metaspace       used 19614K, capacity 19884K, committed 20352K, reserved 1067008K
  class space    used 2234K, capacity 2325K, committed 2432K, reserved 1048576K
Event: 1.823 GC heap after
Heap after GC invocations=5 (full 0):
 PSYoungGen      total 68096K, used 2528K [0x00000000eac00000, 0x00000000f3800000, 0x0000000100000000)
  eden space 65536K, 0% used [0x00000000eac00000,0x00000000eac00000,0x00000000eec00000)
  from space 2560K, 98% used [0x00000000eec00000,0x00000000eee78050,0x00000000eee80000)
  to   space 6144K, 0% used [0x00000000f3200000,0x00000000f3200000,0x00000000f3800000)
 ParOldGen       total 44032K, used 6133K [0x00000000c0400000, 0x00000000c2f00000, 0x00000000eac00000)
  object space 44032K, 13% used [0x00000000c0400000,0x00000000c09fd6d8,0x00000000c2f00000)
 Metaspace       used 19614K, capacity 19884K, committed 20352K, reserved 1067008K
  class space    used 2234K, capacity 2325K, committed 2432K, reserved 1048576K
}
Event: 3.896 GC heap before
{Heap before GC invocations=6 (full 0):
 PSYoungGen      total 68096K, used 68064K [0x00000000eac00000, 0x00000000f3800000, 0x0000000100000000)
  eden space 65536K, 100% used [0x00000000eac00000,0x00000000eec00000,0x00000000eec00000)
  from space 2560K, 98% used [0x00000000eec00000,0x00000000eee78050,0x00000000eee80000)
  to   space 6144K, 0% used [0x00000000f3200000,0x00000000f3200000,0x00000000f3800000)
 ParOldGen       total 44032K, used 6133K [0x00000000c0400000, 0x00000000c2f00000, 0x00000000eac00000)
  object space 44032K, 13% used [0x00000000c0400000,0x00000000c09fd6d8,0x00000000c2f00000)
 Metaspace       used 20594K, capacity 20880K, committed 21248K, reserved 1069056K
  class space    used 2369K, capacity 2457K, committed 2560K, reserved 1048576K
Event: 3.901 GC heap after
Heap after GC invocations=6 (full 0):
 PSYoungGen      total 136192K, used 6128K [0x00000000eac00000, 0x00000000f3a00000, 0x0000000100000000)
  eden space 130048K, 0% used [0x00000000eac00000,0x00000000eac00000,0x00000000f2b00000)
  from space 6144K, 99% used [0x00000000f3200000,0x00000000f37fc040,0x00000000f3800000)
  to   space 7168K, 0% used [0x00000000f2b00000,0x00000000f2b00000,0x00000000f3200000)
 ParOldGen       total 44032K, used 6645K [0x00000000c0400000, 0x00000000c2f00000, 0x00000000eac00000)
  object space 44032K, 15% used [0x00000000c0400000,0x00000000c0a7d6d8,0x00000000c2f00000)
 Metaspace       used 20594K, capacity 20880K, committed 21248K, reserved 1069056K
  class space    used 2369K, capacity 2457K, committed 2560K, reserved 1048576K
}
Event: 3.910 GC heap before
{Heap before GC invocations=7 (full 0):
 PSYoungGen      total 136192K, used 12649K [0x00000000eac00000, 0x00000000f3a00000, 0x0000000100000000)
  eden space 130048K, 5% used [0x00000000eac00000,0x00000000eb25e5d0,0x00000000f2b00000)
  from space 6144K, 99% used [0x00000000f3200000,0x00000000f37fc040,0x00000000f3800000)
  to   space 7168K, 0% used [0x00000000f2b00000,0x00000000f2b00000,0x00000000f3200000)
 ParOldGen       total 44032K, used 6645K [0x00000000c0400000, 0x00000000c2f00000, 0x00000000eac00000)
  object space 44032K, 15% used [0x00000000c0400000,0x00000000c0a7d6d8,0x00000000c2f00000)
 Metaspace       used 20657K, capacity 20912K, committed 21248K, reserved 1069056K
  class space    used 2381K, capacity 2489K, committed 2560K, reserved 1048576K
Event: 3.917 GC heap after
Heap after GC invocations=7 (full 0):
 PSYoungGen      total 137216K, used 7136K [0x00000000eac00000, 0x00000000fbe00000, 0x0000000100000000)
  eden space 130048K, 0% used [0x00000000eac00000,0x00000000eac00000,0x00000000f2b00000)
  from space 7168K, 99% used [0x00000000f2b00000,0x00000000f31f8030,0x00000000f3200000)
  to   space 10240K, 0% used [0x00000000fb400000,0x00000000fb400000,0x00000000fbe00000)
 ParOldGen       total 44032K, used 10161K [0x00000000c0400000, 0x00000000c2f00000, 0x00000000eac00000)
  object space 44032K, 23% used [0x00000000c0400000,0x00000000c0dec718,0x00000000c2f00000)
 Metaspace       used 20657K, capacity 20912K, committed 21248K, reserved 1069056K
  class space    used 2381K, capacity 2489K, committed 2560K, reserved 1048576K
}
Event: 3.917 GC heap before
{Heap before GC invocations=8 (full 1):
 PSYoungGen      total 137216K, used 7136K [0x00000000eac00000, 0x00000000fbe00000, 0x0000000100000000)
  eden space 130048K, 0% used [0x00000000eac00000,0x00000000eac00000,0x00000000f2b00000)
  from space 7168K, 99% used [0x00000000f2b00000,0x00000000f31f8030,0x00000000f3200000)
  to   space 10240K, 0% used [0x00000000fb400000,0x00000000fb400000,0x00000000fbe00000)
 ParOldGen       total 44032K, used 10161K [0x00000000c0400000, 0x00000000c2f00000, 0x00000000eac00000)
  object space 44032K, 23% used [0x00000000c0400000,0x00000000c0dec718,0x00000000c2f00000)
 Metaspace       used 20657K, capacity 20912K, committed 21248K, reserved 1069056K
  class space    used 2381K, capacity 2489K, committed 2560K, reserved 1048576K
Event: 3.942 GC heap after
Heap after GC invocations=8 (full 1):
 PSYoungGen      total 137216K, used 0K [0x00000000eac00000, 0x00000000fbe00000, 0x0000000100000000)
  eden space 130048K, 0% used [0x00000000eac00000,0x00000000eac00000,0x00000000f2b00000)
  from space 7168K, 0% used [0x00000000f2b00000,0x00000000f2b00000,0x00000000f3200000)
  to   space 10240K, 0% used [0x00000000fb400000,0x00000000fb400000,0x00000000fbe00000)
 ParOldGen       total 34304K, used 12524K [0x00000000c0400000, 0x00000000c2580000, 0x00000000eac00000)
  object space 34304K, 36% used [0x00000000c0400000,0x00000000c103b050,0x00000000c2580000)
 Metaspace       used 20657K, capacity 20912K, committed 21248K, reserved 1069056K
  class space    used 2381K, capacity 2489K, committed 2560K, reserved 1048576K
}

