# JRE version: Java(TM) SE Runtime Environment (8.0_101-b13) (build 1.8.0_101-b13)
# Java VM: Java HotSpot(TM) 64-Bit Server VM (25.101-b13 mixed mode windows-amd64 compressed oops)
Heap:
 PSYoungGen      total 134656K, used 9283K [0x00000000eb500000, 0x00000000f3f00000, 0x0000000100000000)
  eden space 129536K, 5% used [0x00000000eb500000,0x00000000ebc8dd30,0x00000000f3380000)
  from space 5120K, 30% used [0x00000000f3900000,0x00000000f3a83150,0x00000000f3e00000)
  to   space 5632K, 0% used [0x00000000f3380000,0x00000000f3380000,0x00000000f3900000)
 ParOldGen       total 44032K, used 6795K [0x00000000c1e00000, 0x00000000c4900000, 0x00000000eb500000)
  object space 44032K, 15% used [0x00000000c1e00000,0x00000000c24a2db0,0x00000000c4900000)
 Metaspace       used 13687K, capacity 13957K, committed 14336K, reserved 1062912K
  class space    used 1358K, capacity 1428K, committed 1536K, reserved 1048576K
GC Heap History (10 events):
Event: 1.976 GC heap before
{Heap before GC invocations=4 (full 0):
 PSYoungGen      total 18944K, used 18928K [0x00000000eb500000, 0x00000000eda00000, 0x0000000100000000)
  eden space 16384K, 100% used [0x00000000eb500000,0x00000000ec500000,0x00000000ec500000)
  from space 2560K, 99% used [0x00000000ec500000,0x00000000ec77c020,0x00000000ec780000)
  to   space 2560K, 0% used [0x00000000ed780000,0x00000000ed780000,0x00000000eda00000)
 ParOldGen       total 44032K, used 3270K [0x00000000c1e00000, 0x00000000c4900000, 0x00000000eb500000)
  object space 44032K, 7% used [0x00000000c1e00000,0x00000000c2131a48,0x00000000c4900000)
 Metaspace       used 13204K, capacity 13413K, committed 13696K, reserved 1060864K
  class space    used 1323K, capacity 1396K, committed 1408K, reserved 1048576K
Event: 1.980 GC heap after
Heap after GC invocations=4 (full 0):
 PSYoungGen      total 35328K, used 2540K [0x00000000eb500000, 0x00000000eda00000, 0x0000000100000000)
  eden space 32768K, 0% used [0x00000000eb500000,0x00000000eb500000,0x00000000ed500000)
  from space 2560K, 99% used [0x00000000ed780000,0x00000000ed9fb050,0x00000000eda00000)
  to   space 2560K, 0% used [0x00000000ed500000,0x00000000ed500000,0x00000000ed780000)
 ParOldGen       total 44032K, used 4093K [0x00000000c1e00000, 0x00000000c4900000, 0x00000000eb500000)
  object space 44032K, 9% used [0x00000000c1e00000,0x00000000c21ff4c8,0x00000000c4900000)
 Metaspace       used 13204K, capacity 13413K, committed 13696K, reserved 1060864K
  class space    used 1323K, capacity 1396K, committed 1408K, reserved 1048576K
}
Event: 2.142 GC heap before
{Heap before GC invocations=5 (full 0):
 PSYoungGen      total 35328K, used 35308K [0x00000000eb500000, 0x00000000eda00000, 0x0000000100000000)
  eden space 32768K, 100% used [0x00000000eb500000,0x00000000ed500000,0x00000000ed500000)
  from space 2560K, 99% used [0x00000000ed780000,0x00000000ed9fb050,0x00000000eda00000)
  to   space 2560K, 0% used [0x00000000ed500000,0x00000000ed500000,0x00000000ed780000)
 ParOldGen       total 44032K, used 4093K [0x00000000c1e00000, 0x00000000c4900000, 0x00000000eb500000)
  object space 44032K, 9% used [0x00000000c1e00000,0x00000000c21ff4c8,0x00000000c4900000)
 Metaspace       used 13204K, capacity 13413K, committed 13696K, reserved 1060864K
  class space    used 1323K, capacity 1396K, committed 1408K, reserved 1048576K
Event: 2.147 GC heap after
Heap after GC invocations=5 (full 0):
 PSYoungGen      total 35328K, used 2549K [0x00000000eb500000, 0x00000000efe00000, 0x0000000100000000)
  eden space 32768K, 0% used [0x00000000eb500000,0x00000000eb500000,0x00000000ed500000)
  from space 2560K, 99% used [0x00000000ed500000,0x00000000ed77d4a8,0x00000000ed780000)
  to   space 4608K, 0% used [0x00000000ef980000,0x00000000ef980000,0x00000000efe00000)
 ParOldGen       total 44032K, used 5317K [0x00000000c1e00000, 0x00000000c4900000, 0x00000000eb500000)
  object space 44032K, 12% used [0x00000000c1e00000,0x00000000c2331648,0x00000000c4900000)
 Metaspace       used 13204K, capacity 13413K, committed 13696K, reserved 1060864K
  class space    used 1323K, capacity 1396K, committed 1408K, reserved 1048576K
}
Event: 2.301 GC heap before
{Heap before GC invocations=6 (full 0):
 PSYoungGen      total 35328K, used 35317K [0x00000000eb500000, 0x00000000efe00000, 0x0000000100000000)
  eden space 32768K, 100% used [0x00000000eb500000,0x00000000ed500000,0x00000000ed500000)
  from space 2560K, 99% used [0x00000000ed500000,0x00000000ed77d4a8,0x00000000ed780000)
  to   space 4608K, 0% used [0x00000000ef980000,0x00000000ef980000,0x00000000efe00000)
 ParOldGen       total 44032K, used 5317K [0x00000000c1e00000, 0x00000000c4900000, 0x00000000eb500000)
  object space 44032K, 12% used [0x00000000c1e00000,0x00000000c2331648,0x00000000c4900000)
 Metaspace       used 13373K, capacity 13637K, committed 14080K, reserved 1062912K
  class space    used 1350K, capacity 1428K, committed 1536K, reserved 1048576K
Event: 2.304 GC heap after
Heap after GC invocations=6 (full 0):
 PSYoungGen      total 69632K, used 2077K [0x00000000eb500000, 0x00000000eff00000, 0x0000000100000000)
  eden space 65024K, 0% used [0x00000000eb500000,0x00000000eb500000,0x00000000ef480000)
  from space 4608K, 45% used [0x00000000ef980000,0x00000000efb87458,0x00000000efe00000)
  to   space 5120K, 0% used [0x00000000ef480000,0x00000000ef480000,0x00000000ef980000)
 ParOldGen       total 44032K, used 5317K [0x00000000c1e00000, 0x00000000c4900000, 0x00000000eb500000)
  object space 44032K, 12% used [0x00000000c1e00000,0x00000000c2331648,0x00000000c4900000)
 Metaspace       used 13373K, capacity 13637K, committed 14080K, reserved 1062912K
  class space    used 1350K, capacity 1428K, committed 1536K, reserved 1048576K
}
Event: 2.505 GC heap before
{Heap before GC invocations=7 (full 0):
 PSYoungGen      total 69632K, used 67101K [0x00000000eb500000, 0x00000000eff00000, 0x0000000100000000)
  eden space 65024K, 100% used [0x00000000eb500000,0x00000000ef480000,0x00000000ef480000)
  from space 4608K, 45% used [0x00000000ef980000,0x00000000efb87458,0x00000000efe00000)
  to   space 5120K, 0% used [0x00000000ef480000,0x00000000ef480000,0x00000000ef980000)
 ParOldGen       total 44032K, used 5317K [0x00000000c1e00000, 0x00000000c4900000, 0x00000000eb500000)
  object space 44032K, 12% used [0x00000000c1e00000,0x00000000c2331648,0x00000000c4900000)
 Metaspace       used 13416K, capacity 13701K, committed 14080K, reserved 1062912K
  class space    used 1354K, capacity 1428K, committed 1536K, reserved 1048576K
Event: 2.508 GC heap after
Heap after GC invocations=7 (full 0):
 PSYoungGen      total 70144K, used 828K [0x00000000eb500000, 0x00000000f3e00000, 0x0000000100000000)
  eden space 65024K, 0% used [0x00000000eb500000,0x00000000eb500000,0x00000000ef480000)
  from space 5120K, 16% used [0x00000000ef480000,0x00000000ef54f030,0x00000000ef980000)
  to   space 5120K, 0% used [0x00000000f3900000,0x00000000f3900000,0x00000000f3e00000)
 ParOldGen       total 44032K, used 6713K [0x00000000c1e00000, 0x00000000c4900000, 0x00000000eb500000)
  object space 44032K, 15% used [0x00000000c1e00000,0x00000000c248e5a0,0x00000000c4900000)
 Metaspace       used 13416K, capacity 13701K, committed 14080K, reserved 1062912K
  class space    used 1354K, capacity 1428K, committed 1536K, reserved 1048576K
}
Event: 34.604 GC heap before
{Heap before GC invocations=8 (full 0):
 PSYoungGen      total 70144K, used 65852K [0x00000000eb500000, 0x00000000f3e00000, 0x0000000100000000)
  eden space 65024K, 100% used [0x00000000eb500000,0x00000000ef480000,0x00000000ef480000)
  from space 5120K, 16% used [0x00000000ef480000,0x00000000ef54f030,0x00000000ef980000)
  to   space 5120K, 0% used [0x00000000f3900000,0x00000000f3900000,0x00000000f3e00000)
 ParOldGen       total 44032K, used 6713K [0x00000000c1e00000, 0x00000000c4900000, 0x00000000eb500000)
  object space 44032K, 15% used [0x00000000c1e00000,0x00000000c248e5a0,0x00000000c4900000)
 Metaspace       used 13667K, capacity 13957K, committed 14336K, reserved 1062912K
  class space    used 1355K, capacity 1428K, committed 1536K, reserved 1048576K
Event: 34.606 GC heap after
Heap after GC invocations=8 (full 0):
 PSYoungGen      total 134656K, used 1548K [0x00000000eb500000, 0x00000000f3f00000, 0x0000000100000000)
  eden space 129536K, 0% used [0x00000000eb500000,0x00000000eb500000,0x00000000f3380000)
  from space 5120K, 30% used [0x00000000f3900000,0x00000000f3a83150,0x00000000f3e00000)
  to   space 5632K, 0% used [0x00000000f3380000,0x00000000f3380000,0x00000000f3900000)
 ParOldGen       total 44032K, used 6795K [0x00000000c1e00000, 0x00000000c4900000, 0x00000000eb500000)
  object space 44032K, 15% used [0x00000000c1e00000,0x00000000c24a2db0,0x00000000c4900000)
 Metaspace       used 13667K, capacity 13957K, committed 14336K, reserved 1062912K
  class space    used 1355K, capacity 1428K, committed 1536K, reserved 1048576K
}

