# JRE version: Java(TM) SE Runtime Environment (8.0_101-b13) (build 1.8.0_101-b13)
# Java VM: Java HotSpot(TM) 64-Bit Server VM (25.101-b13 mixed mode windows-amd64 compressed oops)
Heap:
 PSYoungGen      total 70656K, used 54581K [0x00000000eb500000, 0x00000000f4000000, 0x0000000100000000)
  eden space 65536K, 81% used [0x00000000eb500000,0x00000000ee9454c0,0x00000000ef500000)
  from space 5120K, 20% used [0x00000000ef500000,0x00000000ef608030,0x00000000efa00000)
  to   space 5632K, 0% used [0x00000000f3a80000,0x00000000f3a80000,0x00000000f4000000)
 ParOldGen       total 44032K, used 6732K [0x00000000c1e00000, 0x00000000c4900000, 0x00000000eb500000)
  object space 44032K, 15% used [0x00000000c1e00000,0x00000000c2493390,0x00000000c4900000)
 Metaspace       used 13670K, capacity 13843K, committed 14208K, reserved 1062912K
  class space    used 1302K, capacity 1359K, committed 1408K, reserved 1048576K
GC Heap History (10 events):
Event: 1.759 GC heap before
{Heap before GC invocations=3 (full 0):
 PSYoungGen      total 18944K, used 18913K [0x00000000eb500000, 0x00000000eca00000, 0x0000000100000000)
  eden space 16384K, 100% used [0x00000000eb500000,0x00000000ec500000,0x00000000ec500000)
  from space 2560K, 98% used [0x00000000ec780000,0x00000000ec9f8448,0x00000000eca00000)
  to   space 2560K, 0% used [0x00000000ec500000,0x00000000ec500000,0x00000000ec780000)
 ParOldGen       total 44032K, used 2086K [0x00000000c1e00000, 0x00000000c4900000, 0x00000000eb500000)
  object space 44032K, 4% used [0x00000000c1e00000,0x00000000c2009828,0x00000000c4900000)
 Metaspace       used 13367K, capacity 13587K, committed 13952K, reserved 1062912K
  class space    used 1292K, capacity 1359K, committed 1408K, reserved 1048576K
Event: 1.770 GC heap after
Heap after GC invocations=3 (full 0):
 PSYoungGen      total 18944K, used 2540K [0x00000000eb500000, 0x00000000eda00000, 0x0000000100000000)
  eden space 16384K, 0% used [0x00000000eb500000,0x00000000eb500000,0x00000000ec500000)
  from space 2560K, 99% used [0x00000000ec500000,0x00000000ec77b090,0x00000000ec780000)
  to   space 2560K, 0% used [0x00000000ed780000,0x00000000ed780000,0x00000000eda00000)
 ParOldGen       total 44032K, used 4060K [0x00000000c1e00000, 0x00000000c4900000, 0x00000000eb500000)
  object space 44032K, 9% used [0x00000000c1e00000,0x00000000c21f7390,0x00000000c4900000)
 Metaspace       used 13367K, capacity 13587K, committed 13952K, reserved 1062912K
  class space    used 1292K, capacity 1359K, committed 1408K, reserved 1048576K
}
Event: 1.953 GC heap before
{Heap before GC invocations=4 (full 0):
 PSYoungGen      total 18944K, used 18924K [0x00000000eb500000, 0x00000000eda00000, 0x0000000100000000)
  eden space 16384K, 100% used [0x00000000eb500000,0x00000000ec500000,0x00000000ec500000)
  from space 2560K, 99% used [0x00000000ec500000,0x00000000ec77b090,0x00000000ec780000)
  to   space 2560K, 0% used [0x00000000ed780000,0x00000000ed780000,0x00000000eda00000)
 ParOldGen       total 44032K, used 4060K [0x00000000c1e00000, 0x00000000c4900000, 0x00000000eb500000)
  object space 44032K, 9% used [0x00000000c1e00000,0x00000000c21f7390,0x00000000c4900000)
 Metaspace       used 13367K, capacity 13587K, committed 13952K, reserved 1062912K
  class space    used 1292K, capacity 1359K, committed 1408K, reserved 1048576K
Event: 1.960 GC heap after
Heap after GC invocations=4 (full 0):
 PSYoungGen      total 35328K, used 2552K [0x00000000eb500000, 0x00000000eda00000, 0x0000000100000000)
  eden space 32768K, 0% used [0x00000000eb500000,0x00000000eb500000,0x00000000ed500000)
  from space 2560K, 99% used [0x00000000ed780000,0x00000000ed9fe080,0x00000000eda00000)
  to   space 2560K, 0% used [0x00000000ed500000,0x00000000ed500000,0x00000000ed780000)
 ParOldGen       total 44032K, used 4871K [0x00000000c1e00000, 0x00000000c4900000, 0x00000000eb500000)
  object space 44032K, 11% used [0x00000000c1e00000,0x00000000c22c1cb0,0x00000000c4900000)
 Metaspace       used 13367K, capacity 13587K, committed 13952K, reserved 1062912K
  class space    used 1292K, capacity 1359K, committed 1408K, reserved 1048576K
}
Event: 2.161 GC heap before
{Heap before GC invocations=5 (full 0):
 PSYoungGen      total 35328K, used 35320K [0x00000000eb500000, 0x00000000eda00000, 0x0000000100000000)
  eden space 32768K, 100% used [0x00000000eb500000,0x00000000ed500000,0x00000000ed500000)
  from space 2560K, 99% used [0x00000000ed780000,0x00000000ed9fe080,0x00000000eda00000)
  to   space 2560K, 0% used [0x00000000ed500000,0x00000000ed500000,0x00000000ed780000)
 ParOldGen       total 44032K, used 4871K [0x00000000c1e00000, 0x00000000c4900000, 0x00000000eb500000)
  object space 44032K, 11% used [0x00000000c1e00000,0x00000000c22c1cb0,0x00000000c4900000)
 Metaspace       used 13382K, capacity 13587K, committed 13952K, reserved 1062912K
  class space    used 1295K, capacity 1359K, committed 1408K, reserved 1048576K
Event: 2.167 GC heap after
Heap after GC invocations=5 (full 0):
 PSYoungGen      total 35328K, used 2529K [0x00000000eb500000, 0x00000000eff00000, 0x0000000100000000)
  eden space 32768K, 0% used [0x00000000eb500000,0x00000000eb500000,0x00000000ed500000)
  from space 2560K, 98% used [0x00000000ed500000,0x00000000ed7784b8,0x00000000ed780000)
  to   space 5120K, 0% used [0x00000000efa00000,0x00000000efa00000,0x00000000eff00000)
 ParOldGen       total 44032K, used 5773K [0x00000000c1e00000, 0x00000000c4900000, 0x00000000eb500000)
  object space 44032K, 13% used [0x00000000c1e00000,0x00000000c23a3640,0x00000000c4900000)
 Metaspace       used 13382K, capacity 13587K, committed 13952K, reserved 1062912K
  class space    used 1295K, capacity 1359K, committed 1408K, reserved 1048576K
}
Event: 2.301 GC heap before
{Heap before GC invocations=6 (full 0):
 PSYoungGen      total 35328K, used 35297K [0x00000000eb500000, 0x00000000eff00000, 0x0000000100000000)
  eden space 32768K, 100% used [0x00000000eb500000,0x00000000ed500000,0x00000000ed500000)
  from space 2560K, 98% used [0x00000000ed500000,0x00000000ed7784b8,0x00000000ed780000)
  to   space 5120K, 0% used [0x00000000efa00000,0x00000000efa00000,0x00000000eff00000)
 ParOldGen       total 44032K, used 5773K [0x00000000c1e00000, 0x00000000c4900000, 0x00000000eb500000)
  object space 44032K, 13% used [0x00000000c1e00000,0x00000000c23a3640,0x00000000c4900000)
 Metaspace       used 13413K, capacity 13651K, committed 13952K, reserved 1062912K
  class space    used 1301K, capacity 1359K, committed 1408K, reserved 1048576K
Event: 2.306 GC heap after
Heap after GC invocations=6 (full 0):
 PSYoungGen      total 70656K, used 1977K [0x00000000eb500000, 0x00000000eff00000, 0x0000000100000000)
  eden space 65536K, 0% used [0x00000000eb500000,0x00000000eb500000,0x00000000ef500000)
  from space 5120K, 38% used [0x00000000efa00000,0x00000000efbee468,0x00000000eff00000)
  to   space 5120K, 0% used [0x00000000ef500000,0x00000000ef500000,0x00000000efa00000)
 ParOldGen       total 44032K, used 5773K [0x00000000c1e00000, 0x00000000c4900000, 0x00000000eb500000)
  object space 44032K, 13% used [0x00000000c1e00000,0x00000000c23a3640,0x00000000c4900000)
 Metaspace       used 13413K, capacity 13651K, committed 13952K, reserved 1062912K
  class space    used 1301K, capacity 1359K, committed 1408K, reserved 1048576K
}
Event: 2.600 GC heap before
{Heap before GC invocations=7 (full 0):
 PSYoungGen      total 70656K, used 67513K [0x00000000eb500000, 0x00000000eff00000, 0x0000000100000000)
  eden space 65536K, 100% used [0x00000000eb500000,0x00000000ef500000,0x00000000ef500000)
  from space 5120K, 38% used [0x00000000efa00000,0x00000000efbee468,0x00000000eff00000)
  to   space 5120K, 0% used [0x00000000ef500000,0x00000000ef500000,0x00000000efa00000)
 ParOldGen       total 44032K, used 5773K [0x00000000c1e00000, 0x00000000c4900000, 0x00000000eb500000)
  object space 44032K, 13% used [0x00000000c1e00000,0x00000000c23a3640,0x00000000c4900000)
 Metaspace       used 13440K, capacity 13651K, committed 13952K, reserved 1062912K
  class space    used 1301K, capacity 1359K, committed 1408K, reserved 1048576K
Event: 2.603 GC heap after
Heap after GC invocations=7 (full 0):
 PSYoungGen      total 70656K, used 1056K [0x00000000eb500000, 0x00000000f4000000, 0x0000000100000000)
  eden space 65536K, 0% used [0x00000000eb500000,0x00000000eb500000,0x00000000ef500000)
  from space 5120K, 20% used [0x00000000ef500000,0x00000000ef608030,0x00000000efa00000)
  to   space 5632K, 0% used [0x00000000f3a80000,0x00000000f3a80000,0x00000000f4000000)
 ParOldGen       total 44032K, used 6732K [0x00000000c1e00000, 0x00000000c4900000, 0x00000000eb500000)
  object space 44032K, 15% used [0x00000000c1e00000,0x00000000c2493390,0x00000000c4900000)
 Metaspace       used 13440K, capacity 13651K, committed 13952K, reserved 1062912K
  class space    used 1301K, capacity 1359K, committed 1408K, reserved 1048576K
}

