# JRE version: Java(TM) SE Runtime Environment (8.0_101-b13) (build 1.8.0_101-b13)
# Java VM: Java HotSpot(TM) 64-Bit Server VM (25.101-b13 mixed mode windows-amd64 compressed oops)
Heap:
 PSYoungGen      total 36864K, used 4895K [0x00000000eb500000, 0x00000000efe00000, 0x0000000100000000)
  eden space 32768K, 12% used [0x00000000eb500000,0x00000000eb90ddb8,0x00000000ed500000)
  from space 4096K, 18% used [0x00000000ed500000,0x00000000ed5ba030,0x00000000ed900000)
  to   space 4608K, 0% used [0x00000000ef980000,0x00000000ef980000,0x00000000efe00000)
 ParOldGen       total 44032K, used 5891K [0x00000000c1e00000, 0x00000000c4900000, 0x00000000eb500000)
  object space 44032K, 13% used [0x00000000c1e00000,0x00000000c23c0ff8,0x00000000c4900000)
 Metaspace       used 13433K, capacity 13733K, committed 14080K, reserved 1062912K
  class space    used 1363K, capacity 1460K, committed 1536K, reserved 1048576K
GC Heap History (10 events):
Event: 1.843 GC heap before
{Heap before GC invocations=3 (full 0):
 PSYoungGen      total 18944K, used 18929K [0x00000000eb500000, 0x00000000eca00000, 0x0000000100000000)
  eden space 16384K, 100% used [0x00000000eb500000,0x00000000ec500000,0x00000000ec500000)
  from space 2560K, 99% used [0x00000000ec780000,0x00000000ec9fc438,0x00000000eca00000)
  to   space 2560K, 0% used [0x00000000ec500000,0x00000000ec500000,0x00000000ec780000)
 ParOldGen       total 44032K, used 2064K [0x00000000c1e00000, 0x00000000c4900000, 0x00000000eb500000)
  object space 44032K, 4% used [0x00000000c1e00000,0x00000000c2004168,0x00000000c4900000)
 Metaspace       used 13230K, capacity 13509K, committed 13824K, reserved 1060864K
  class space    used 1330K, capacity 1428K, committed 1536K, reserved 1048576K
Event: 1.849 GC heap after
Heap after GC invocations=3 (full 0):
 PSYoungGen      total 18944K, used 2533K [0x00000000eb500000, 0x00000000eca00000, 0x0000000100000000)
  eden space 16384K, 0% used [0x00000000eb500000,0x00000000eb500000,0x00000000ec500000)
  from space 2560K, 98% used [0x00000000ec500000,0x00000000ec779478,0x00000000ec780000)
  to   space 2560K, 0% used [0x00000000ec780000,0x00000000ec780000,0x00000000eca00000)
 ParOldGen       total 44032K, used 3298K [0x00000000c1e00000, 0x00000000c4900000, 0x00000000eb500000)
  object space 44032K, 7% used [0x00000000c1e00000,0x00000000c21389e0,0x00000000c4900000)
 Metaspace       used 13230K, capacity 13509K, committed 13824K, reserved 1060864K
  class space    used 1330K, capacity 1428K, committed 1536K, reserved 1048576K
}
Event: 2.025 GC heap before
{Heap before GC invocations=4 (full 0):
 PSYoungGen      total 18944K, used 18917K [0x00000000eb500000, 0x00000000eca00000, 0x0000000100000000)
  eden space 16384K, 100% used [0x00000000eb500000,0x00000000ec500000,0x00000000ec500000)
  from space 2560K, 98% used [0x00000000ec500000,0x00000000ec779478,0x00000000ec780000)
  to   space 2560K, 0% used [0x00000000ec780000,0x00000000ec780000,0x00000000eca00000)
 ParOldGen       total 44032K, used 3298K [0x00000000c1e00000, 0x00000000c4900000, 0x00000000eb500000)
  object space 44032K, 7% used [0x00000000c1e00000,0x00000000c21389e0,0x00000000c4900000)
 Metaspace       used 13231K, capacity 13509K, committed 13824K, reserved 1060864K
  class space    used 1330K, capacity 1428K, committed 1536K, reserved 1048576K
Event: 2.029 GC heap after
Heap after GC invocations=4 (full 0):
 PSYoungGen      total 18944K, used 2552K [0x00000000eb500000, 0x00000000eda00000, 0x0000000100000000)
  eden space 16384K, 0% used [0x00000000eb500000,0x00000000eb500000,0x00000000ec500000)
  from space 2560K, 99% used [0x00000000ec780000,0x00000000ec9fe040,0x00000000eca00000)
  to   space 2560K, 0% used [0x00000000ec500000,0x00000000ec500000,0x00000000ec780000)
 ParOldGen       total 44032K, used 3980K [0x00000000c1e00000, 0x00000000c4900000, 0x00000000eb500000)
  object space 44032K, 9% used [0x00000000c1e00000,0x00000000c21e3330,0x00000000c4900000)
 Metaspace       used 13231K, capacity 13509K, committed 13824K, reserved 1060864K
  class space    used 1330K, capacity 1428K, committed 1536K, reserved 1048576K
}
Event: 2.144 GC heap before
{Heap before GC invocations=5 (full 0):
 PSYoungGen      total 18944K, used 18936K [0x00000000eb500000, 0x00000000eda00000, 0x0000000100000000)
  eden space 16384K, 100% used [0x00000000eb500000,0x00000000ec500000,0x00000000ec500000)
  from space 2560K, 99% used [0x00000000ec780000,0x00000000ec9fe040,0x00000000eca00000)
  to   space 2560K, 0% used [0x00000000ec500000,0x00000000ec500000,0x00000000ec780000)
 ParOldGen       total 44032K, used 3980K [0x00000000c1e00000, 0x00000000c4900000, 0x00000000eb500000)
  object space 44032K, 9% used [0x00000000c1e00000,0x00000000c21e3330,0x00000000c4900000)
 Metaspace       used 13231K, capacity 13509K, committed 13824K, reserved 1060864K
  class space    used 1330K, capacity 1428K, committed 1536K, reserved 1048576K
Event: 2.148 GC heap after
Heap after GC invocations=5 (full 0):
 PSYoungGen      total 18944K, used 2549K [0x00000000eb500000, 0x00000000edd00000, 0x0000000100000000)
  eden space 16384K, 0% used [0x00000000eb500000,0x00000000eb500000,0x00000000ec500000)
  from space 2560K, 99% used [0x00000000ec500000,0x00000000ec77d468,0x00000000ec780000)
  to   space 4096K, 0% used [0x00000000ed900000,0x00000000ed900000,0x00000000edd00000)
 ParOldGen       total 44032K, used 4731K [0x00000000c1e00000, 0x00000000c4900000, 0x00000000eb500000)
  object space 44032K, 10% used [0x00000000c1e00000,0x00000000c229ec20,0x00000000c4900000)
 Metaspace       used 13231K, capacity 13509K, committed 13824K, reserved 1060864K
  class space    used 1330K, capacity 1428K, committed 1536K, reserved 1048576K
}
Event: 2.201 GC heap before
{Heap before GC invocations=6 (full 0):
 PSYoungGen      total 18944K, used 18933K [0x00000000eb500000, 0x00000000edd00000, 0x0000000100000000)
  eden space 16384K, 100% used [0x00000000eb500000,0x00000000ec500000,0x00000000ec500000)
  from space 2560K, 99% used [0x00000000ec500000,0x00000000ec77d468,0x00000000ec780000)
  to   space 4096K, 0% used [0x00000000ed900000,0x00000000ed900000,0x00000000edd00000)
 ParOldGen       total 44032K, used 4731K [0x00000000c1e00000, 0x00000000c4900000, 0x00000000eb500000)
  object space 44032K, 10% used [0x00000000c1e00000,0x00000000c229ec20,0x00000000c4900000)
 Metaspace       used 13231K, capacity 13509K, committed 13824K, reserved 1060864K
  class space    used 1330K, capacity 1428K, committed 1536K, reserved 1048576K
Event: 2.206 GC heap after
Heap after GC invocations=6 (full 0):
 PSYoungGen      total 36864K, used 3436K [0x00000000eb500000, 0x00000000edd00000, 0x0000000100000000)
  eden space 32768K, 0% used [0x00000000eb500000,0x00000000eb500000,0x00000000ed500000)
  from space 4096K, 83% used [0x00000000ed900000,0x00000000edc5b0f0,0x00000000edd00000)
  to   space 4096K, 0% used [0x00000000ed500000,0x00000000ed500000,0x00000000ed900000)
 ParOldGen       total 44032K, used 4731K [0x00000000c1e00000, 0x00000000c4900000, 0x00000000eb500000)
  object space 44032K, 10% used [0x00000000c1e00000,0x00000000c229ec20,0x00000000c4900000)
 Metaspace       used 13231K, capacity 13509K, committed 13824K, reserved 1060864K
  class space    used 1330K, capacity 1428K, committed 1536K, reserved 1048576K
}
Event: 2.362 GC heap before
{Heap before GC invocations=7 (full 0):
 PSYoungGen      total 36864K, used 36204K [0x00000000eb500000, 0x00000000edd00000, 0x0000000100000000)
  eden space 32768K, 100% used [0x00000000eb500000,0x00000000ed500000,0x00000000ed500000)
  from space 4096K, 83% used [0x00000000ed900000,0x00000000edc5b0f0,0x00000000edd00000)
  to   space 4096K, 0% used [0x00000000ed500000,0x00000000ed500000,0x00000000ed900000)
 ParOldGen       total 44032K, used 4731K [0x00000000c1e00000, 0x00000000c4900000, 0x00000000eb500000)
  object space 44032K, 10% used [0x00000000c1e00000,0x00000000c229ec20,0x00000000c4900000)
 Metaspace       used 13381K, capacity 13637K, committed 14080K, reserved 1062912K
  class space    used 1354K, capacity 1428K, committed 1536K, reserved 1048576K
Event: 2.366 GC heap after
Heap after GC invocations=7 (full 0):
 PSYoungGen      total 36864K, used 744K [0x00000000eb500000, 0x00000000efe00000, 0x0000000100000000)
  eden space 32768K, 0% used [0x00000000eb500000,0x00000000eb500000,0x00000000ed500000)
  from space 4096K, 18% used [0x00000000ed500000,0x00000000ed5ba030,0x00000000ed900000)
  to   space 4608K, 0% used [0x00000000ef980000,0x00000000ef980000,0x00000000efe00000)
 ParOldGen       total 44032K, used 5891K [0x00000000c1e00000, 0x00000000c4900000, 0x00000000eb500000)
  object space 44032K, 13% used [0x00000000c1e00000,0x00000000c23c0ff8,0x00000000c4900000)
 Metaspace       used 13381K, capacity 13637K, committed 14080K, reserved 1062912K
  class space    used 1354K, capacity 1428K, committed 1536K, reserved 1048576K
}

